TN:
SF:src\App.tsx
FN:22,(anonymous_10)
FN:22,(anonymous_11)
FN:23,(anonymous_12)
FN:23,(anonymous_13)
FN:24,(anonymous_14)
FN:24,(anonymous_15)
FN:25,(anonymous_16)
FN:25,(anonymous_17)
FN:26,(anonymous_18)
FN:26,(anonymous_19)
FN:27,(anonymous_20)
FN:27,(anonymous_21)
FN:28,(anonymous_22)
FN:28,(anonymous_23)
FN:29,(anonymous_24)
FN:29,(anonymous_25)
FN:32,(anonymous_26)
FN:32,(anonymous_27)
FN:33,(anonymous_28)
FN:33,(anonymous_29)
FN:34,(anonymous_30)
FN:34,(anonymous_31)
FN:35,(anonymous_32)
FN:35,(anonymous_33)
FN:36,(anonymous_34)
FN:36,(anonymous_35)
FN:37,(anonymous_36)
FN:37,(anonymous_37)
FN:38,(anonymous_38)
FN:38,(anonymous_39)
FN:39,(anonymous_40)
FN:39,(anonymous_41)
FN:40,(anonymous_42)
FN:40,(anonymous_43)
FN:41,(anonymous_44)
FN:41,(anonymous_45)
FN:42,(anonymous_46)
FN:42,(anonymous_47)
FN:43,(anonymous_48)
FN:43,(anonymous_49)
FN:44,(anonymous_50)
FN:44,(anonymous_51)
FN:45,(anonymous_52)
FN:45,(anonymous_53)
FN:46,(anonymous_54)
FN:46,(anonymous_55)
FN:49,(anonymous_56)
FN:49,(anonymous_57)
FN:50,(anonymous_58)
FN:50,(anonymous_59)
FN:51,(anonymous_60)
FN:51,(anonymous_61)
FN:52,(anonymous_62)
FN:52,(anonymous_63)
FN:53,(anonymous_64)
FN:53,(anonymous_65)
FN:54,(anonymous_66)
FN:54,(anonymous_67)
FN:55,(anonymous_68)
FN:55,(anonymous_69)
FN:56,(anonymous_70)
FN:56,(anonymous_71)
FN:57,(anonymous_72)
FN:57,(anonymous_73)
FN:58,(anonymous_74)
FN:58,(anonymous_75)
FN:59,(anonymous_76)
FN:59,(anonymous_77)
FN:60,(anonymous_78)
FN:60,(anonymous_79)
FN:61,(anonymous_80)
FN:61,(anonymous_81)
FN:62,(anonymous_82)
FN:62,(anonymous_83)
FN:63,(anonymous_84)
FN:63,(anonymous_85)
FN:67,App
FNF:77
FNH:0
FNDA:0,(anonymous_10)
FNDA:0,(anonymous_11)
FNDA:0,(anonymous_12)
FNDA:0,(anonymous_13)
FNDA:0,(anonymous_14)
FNDA:0,(anonymous_15)
FNDA:0,(anonymous_16)
FNDA:0,(anonymous_17)
FNDA:0,(anonymous_18)
FNDA:0,(anonymous_19)
FNDA:0,(anonymous_20)
FNDA:0,(anonymous_21)
FNDA:0,(anonymous_22)
FNDA:0,(anonymous_23)
FNDA:0,(anonymous_24)
FNDA:0,(anonymous_25)
FNDA:0,(anonymous_26)
FNDA:0,(anonymous_27)
FNDA:0,(anonymous_28)
FNDA:0,(anonymous_29)
FNDA:0,(anonymous_30)
FNDA:0,(anonymous_31)
FNDA:0,(anonymous_32)
FNDA:0,(anonymous_33)
FNDA:0,(anonymous_34)
FNDA:0,(anonymous_35)
FNDA:0,(anonymous_36)
FNDA:0,(anonymous_37)
FNDA:0,(anonymous_38)
FNDA:0,(anonymous_39)
FNDA:0,(anonymous_40)
FNDA:0,(anonymous_41)
FNDA:0,(anonymous_42)
FNDA:0,(anonymous_43)
FNDA:0,(anonymous_44)
FNDA:0,(anonymous_45)
FNDA:0,(anonymous_46)
FNDA:0,(anonymous_47)
FNDA:0,(anonymous_48)
FNDA:0,(anonymous_49)
FNDA:0,(anonymous_50)
FNDA:0,(anonymous_51)
FNDA:0,(anonymous_52)
FNDA:0,(anonymous_53)
FNDA:0,(anonymous_54)
FNDA:0,(anonymous_55)
FNDA:0,(anonymous_56)
FNDA:0,(anonymous_57)
FNDA:0,(anonymous_58)
FNDA:0,(anonymous_59)
FNDA:0,(anonymous_60)
FNDA:0,(anonymous_61)
FNDA:0,(anonymous_62)
FNDA:0,(anonymous_63)
FNDA:0,(anonymous_64)
FNDA:0,(anonymous_65)
FNDA:0,(anonymous_66)
FNDA:0,(anonymous_67)
FNDA:0,(anonymous_68)
FNDA:0,(anonymous_69)
FNDA:0,(anonymous_70)
FNDA:0,(anonymous_71)
FNDA:0,(anonymous_72)
FNDA:0,(anonymous_73)
FNDA:0,(anonymous_74)
FNDA:0,(anonymous_75)
FNDA:0,(anonymous_76)
FNDA:0,(anonymous_77)
FNDA:0,(anonymous_78)
FNDA:0,(anonymous_79)
FNDA:0,(anonymous_80)
FNDA:0,(anonymous_81)
FNDA:0,(anonymous_82)
FNDA:0,(anonymous_83)
FNDA:0,(anonymous_84)
FNDA:0,(anonymous_85)
FNDA:0,App
DA:1,0
DA:2,0
DA:3,0
DA:4,0
DA:5,0
DA:6,0
DA:9,0
DA:12,0
DA:13,0
DA:14,0
DA:15,0
DA:16,0
DA:17,0
DA:18,0
DA:19,0
DA:22,0
DA:23,0
DA:24,0
DA:25,0
DA:26,0
DA:27,0
DA:28,0
DA:29,0
DA:32,0
DA:33,0
DA:34,0
DA:35,0
DA:36,0
DA:37,0
DA:38,0
DA:39,0
DA:40,0
DA:41,0
DA:42,0
DA:43,0
DA:44,0
DA:45,0
DA:46,0
DA:49,0
DA:50,0
DA:51,0
DA:52,0
DA:53,0
DA:54,0
DA:55,0
DA:56,0
DA:57,0
DA:58,0
DA:59,0
DA:60,0
DA:61,0
DA:62,0
DA:63,0
DA:65,0
DA:68,0
DA:147,0
LF:56
LH:0
BRDA:133,0,0,0
BRDA:133,0,1,0
BRF:2
BRH:0
end_of_record
TN:
SF:src\i18n.ts
FNF:0
FNH:0
DA:1,0
DA:2,0
DA:3,0
DA:8,0
DA:9,0
DA:10,0
DA:11,0
DA:15,0
DA:799,0
DA:839,0
LF:10
LH:0
BRF:0
BRH:0
end_of_record
TN:
SF:src\components\home.tsx
FN:9,Home
FN:17,(anonymous_2)
FN:18,(anonymous_3)
FN:23,(anonymous_4)
FN:24,(anonymous_5)
FNF:5
FNH:0
FNDA:0,Home
FNDA:0,(anonymous_2)
FNDA:0,(anonymous_3)
FNDA:0,(anonymous_4)
FNDA:0,(anonymous_5)
DA:1,0
DA:2,0
DA:3,0
DA:4,0
DA:5,0
DA:6,0
DA:7,0
DA:10,0
DA:12,0
DA:17,0
DA:18,0
DA:23,0
DA:24,0
DA:33,0
LF:14
LH:0
BRF:0
BRH:0
end_of_record
TN:
SF:src\components\ai\ChatBotWidget.tsx
FN:14,(anonymous_9)
FN:37,(anonymous_10)
FN:100,(anonymous_11)
FN:121,(anonymous_12)
FN:143,(anonymous_13)
FN:153,(anonymous_14)
FN:160,(anonymous_15)
FN:163,(anonymous_16)
FN:169,(anonymous_17)
FN:172,(anonymous_18)
FN:184,(anonymous_19)
FN:186,(anonymous_20)
FN:198,(anonymous_21)
FN:228,(anonymous_22)
FN:238,(anonymous_23)
FN:303,(anonymous_24)
FN:306,(anonymous_25)
FN:318,(anonymous_26)
FN:329,(anonymous_27)
FNF:19
FNH:0
FNDA:0,(anonymous_9)
FNDA:0,(anonymous_10)
FNDA:0,(anonymous_11)
FNDA:0,(anonymous_12)
FNDA:0,(anonymous_13)
FNDA:0,(anonymous_14)
FNDA:0,(anonymous_15)
FNDA:0,(anonymous_16)
FNDA:0,(anonymous_17)
FNDA:0,(anonymous_18)
FNDA:0,(anonymous_19)
FNDA:0,(anonymous_20)
FNDA:0,(anonymous_21)
FNDA:0,(anonymous_22)
FNDA:0,(anonymous_23)
FNDA:0,(anonymous_24)
FNDA:0,(anonymous_25)
FNDA:0,(anonymous_26)
FNDA:0,(anonymous_27)
DA:1,0
DA:2,0
DA:3,0
DA:9,0
DA:11,0
DA:14,0
DA:15,0
DA:18,0
DA:23,0
DA:25,0
DA:26,0
DA:28,0
DA:29,0
DA:33,0
DA:35,0
DA:37,0
DA:39,0
DA:40,0
DA:43,0
DA:48,0
DA:50,0
DA:53,0
DA:54,0
DA:59,0
DA:64,0
DA:68,0
DA:70,0
DA:74,0
DA:79,0
DA:83,0
DA:88,0
DA:92,0
DA:100,0
DA:104,0
DA:105,0
DA:113,0
DA:114,0
DA:115,0
DA:116,0
DA:117,0
DA:118,0
DA:121,0
DA:122,0
DA:123,0
DA:128,0
DA:129,0
DA:135,0
DA:143,0
DA:144,0
DA:145,0
DA:147,0
DA:148,0
DA:153,0
DA:154,0
DA:155,0
DA:160,0
DA:161,0
DA:162,0
DA:163,0
DA:164,0
DA:165,0
DA:167,0
DA:168,0
DA:169,0
DA:171,0
DA:172,0
DA:180,0
DA:184,0
DA:185,0
DA:186,0
DA:189,0
DA:198,0
DA:228,0
DA:239,0
DA:304,0
DA:306,0
DA:319,0
DA:320,0
DA:329,0
DA:349,0
LF:80
LH:0
BRDA:18,0,0,0
BRDA:19,1,0,0
BRDA:19,1,1,0
BRDA:19,1,2,0
BRDA:28,2,0,0
BRDA:33,3,0,0
BRDA:35,4,0,0
BRDA:35,4,1,0
BRDA:37,5,0,0
BRDA:37,5,1,0
BRDA:37,6,0,0
BRDA:37,6,1,0
BRDA:43,7,0,0
BRDA:43,7,1,0
BRDA:44,8,0,0
BRDA:44,8,1,0
BRDA:44,8,2,0
BRDA:59,9,0,0
BRDA:60,10,0,0
BRDA:60,10,1,0
BRDA:60,10,2,0
BRDA:64,11,0,0
BRDA:65,12,0,0
BRDA:65,12,1,0
BRDA:65,12,2,0
BRDA:74,13,0,0
BRDA:75,14,0,0
BRDA:75,14,1,0
BRDA:75,14,2,0
BRDA:83,15,0,0
BRDA:84,16,0,0
BRDA:84,16,1,0
BRDA:84,16,2,0
BRDA:101,17,0,0
BRDA:102,18,0,0
BRDA:122,19,0,0
BRDA:122,19,1,0
BRDA:128,20,0,0
BRDA:128,20,1,0
BRDA:144,21,0,0
BRDA:144,22,0,0
BRDA:144,22,1,0
BRDA:147,23,0,0
BRDA:154,24,0,0
BRDA:161,25,0,0
BRDA:192,26,0,0
BRDA:192,26,1,0
BRDA:212,27,0,0
BRDA:212,27,1,0
BRDA:241,28,0,0
BRDA:241,28,1,0
BRDA:243,29,0,0
BRDA:243,29,1,0
BRDA:253,30,0,0
BRDA:253,30,1,0
BRDA:260,31,0,0
BRDA:260,31,1,0
BRDA:267,32,0,0
BRDA:267,32,1,0
BRDA:297,33,0,0
BRDA:297,33,1,0
BRDA:297,33,2,0
BRDA:336,34,0,0
BRDA:336,34,1,0
BRF:64
BRH:0
end_of_record
TN:
SF:src\components\budget\BudgetForm.tsx
FN:48,(anonymous_9)
FN:90,(anonymous_10)
FN:91,(anonymous_11)
FN:114,(anonymous_12)
FN:138,(anonymous_13)
FN:223,(anonymous_14)
FN:241,(anonymous_15)
FN:254,(anonymous_16)
FN:269,(anonymous_17)
FN:288,(anonymous_18)
FN:315,(anonymous_19)
FN:333,(anonymous_20)
FN:351,(anonymous_21)
FN:371,(anonymous_22)
FNF:14
FNH:0
FNDA:0,(anonymous_9)
FNDA:0,(anonymous_10)
FNDA:0,(anonymous_11)
FNDA:0,(anonymous_12)
FNDA:0,(anonymous_13)
FNDA:0,(anonymous_14)
FNDA:0,(anonymous_15)
FNDA:0,(anonymous_16)
FNDA:0,(anonymous_17)
FNDA:0,(anonymous_18)
FNDA:0,(anonymous_19)
FNDA:0,(anonymous_20)
FNDA:0,(anonymous_21)
FNDA:0,(anonymous_22)
DA:1,0
DA:2,0
DA:3,0
DA:4,0
DA:5,0
DA:6,0
DA:7,0
DA:8,0
DA:17,0
DA:18,0
DA:19,0
DA:26,0
DA:34,0
DA:36,0
DA:48,0
DA:54,0
DA:55,0
DA:56,0
DA:59,0
DA:76,0
DA:90,0
DA:91,0
DA:92,0
DA:93,0
DA:98,0
DA:99,0
DA:101,0
DA:102,0
DA:110,0
DA:114,0
DA:115,0
DA:116,0
DA:126,0
DA:138,0
DA:139,0
DA:141,0
DA:142,0
DA:144,0
DA:146,0
DA:160,0
DA:162,0
DA:168,0
DA:179,0
DA:181,0
DA:187,0
DA:188,0
DA:190,0
DA:191,0
DA:199,0
DA:203,0
DA:224,0
DA:242,0
DA:255,0
DA:270,0
DA:289,0
DA:316,0
DA:334,0
DA:352,0
DA:371,0
DA:395,0
LF:60
LH:0
BRDA:79,0,0,0
BRDA:79,0,1,0
BRDA:80,1,0,0
BRDA:80,1,1,0
BRDA:81,2,0,0
BRDA:81,2,1,0
BRDA:82,3,0,0
BRDA:82,3,1,0
BRDA:83,4,0,0
BRDA:83,4,1,0
BRDA:84,5,0,0
BRDA:84,5,1,0
BRDA:85,6,0,0
BRDA:85,6,1,0
BRDA:98,7,0,0
BRDA:99,8,0,0
BRDA:99,8,1,0
BRDA:115,9,0,0
BRDA:115,9,1,0
BRDA:118,10,0,0
BRDA:118,10,1,0
BRDA:121,11,0,0
BRDA:121,11,1,0
BRDA:122,12,0,0
BRDA:122,12,1,0
BRDA:139,13,0,0
BRDA:144,14,0,0
BRDA:144,14,1,0
BRDA:153,15,0,0
BRDA:153,15,1,0
BRDA:154,16,0,0
BRDA:154,16,1,0
BRDA:160,17,0,0
BRDA:173,18,0,0
BRDA:173,18,1,0
BRDA:174,19,0,0
BRDA:174,19,1,0
BRDA:179,20,0,0
BRDA:193,21,0,0
BRDA:193,21,1,0
BRDA:208,22,0,0
BRDA:208,22,1,0
BRDA:211,23,0,0
BRDA:211,23,1,0
BRDA:377,24,0,0
BRDA:377,24,1,0
BRDA:381,25,0,0
BRDA:381,25,1,0
BRF:48
BRH:0
end_of_record
TN:
SF:src\components\budget\BudgetList.tsx
FN:51,(anonymous_1)
FN:59,(anonymous_2)
FN:68,(anonymous_3)
FN:83,(anonymous_4)
FN:93,(anonymous_5)
FN:120,(anonymous_6)
FN:151,(anonymous_7)
FN:158,(anonymous_8)
FN:166,(anonymous_9)
FN:220,(anonymous_10)
FNF:10
FNH:0
FNDA:0,(anonymous_1)
FNDA:0,(anonymous_2)
FNDA:0,(anonymous_3)
FNDA:0,(anonymous_4)
FNDA:0,(anonymous_5)
FNDA:0,(anonymous_6)
FNDA:0,(anonymous_7)
FNDA:0,(anonymous_8)
FNDA:0,(anonymous_9)
FNDA:0,(anonymous_10)
DA:1,0
DA:2,0
DA:3,0
DA:11,0
DA:12,0
DA:13,0
DA:14,0
DA:22,0
DA:51,0
DA:59,0
DA:60,0
DA:68,0
DA:69,0
DA:71,0
DA:73,0
DA:75,0
DA:77,0
DA:79,0
DA:83,0
DA:84,0
DA:85,0
DA:86,0
DA:89,0
DA:94,0
DA:121,0
DA:151,0
DA:158,0
DA:166,0
DA:220,0
DA:235,0
LF:30
LH:0
BRDA:69,0,0,0
BRDA:69,0,1,0
BRDA:69,0,2,0
BRDA:69,0,3,0
BRDA:69,0,4,0
BRDA:84,1,0,0
BRDA:85,2,0,0
BRDA:91,3,0,0
BRDA:91,3,1,0
BRDA:106,4,0,0
BRDA:106,4,1,0
BRDA:176,5,0,0
BRDA:176,5,1,0
BRDA:212,6,0,0
BRDA:212,6,1,0
BRDA:213,7,0,0
BRDA:213,7,1,0
BRF:17
BRH:0
end_of_record
TN:
SF:src\components\budget\ExpensesList.tsx
FN:65,(anonymous_9)
FN:77,(anonymous_10)
FN:84,(anonymous_11)
FN:102,(anonymous_12)
FN:117,(anonymous_13)
FN:137,(anonymous_14)
FN:139,(anonymous_15)
FN:143,(anonymous_16)
FN:156,(anonymous_17)
FN:165,(anonymous_18)
FN:240,(anonymous_19)
FN:264,(anonymous_20)
FN:284,(anonymous_21)
FN:329,(anonymous_22)
FN:364,(anonymous_23)
FNF:15
FNH:0
FNDA:0,(anonymous_9)
FNDA:0,(anonymous_10)
FNDA:0,(anonymous_11)
FNDA:0,(anonymous_12)
FNDA:0,(anonymous_13)
FNDA:0,(anonymous_14)
FNDA:0,(anonymous_15)
FNDA:0,(anonymous_16)
FNDA:0,(anonymous_17)
FNDA:0,(anonymous_18)
FNDA:0,(anonymous_19)
FNDA:0,(anonymous_20)
FNDA:0,(anonymous_21)
FNDA:0,(anonymous_22)
FNDA:0,(anonymous_23)
DA:1,0
DA:2,0
DA:3,0
DA:4,0
DA:5,0
DA:6,0
DA:14,0
DA:22,0
DA:30,0
DA:38,0
DA:39,0
DA:40,0
DA:41,0
DA:65,0
DA:70,0
DA:71,0
DA:72,0
DA:73,0
DA:74,0
DA:75,0
DA:77,0
DA:78,0
DA:79,0
DA:80,0
DA:84,0
DA:85,0
DA:87,0
DA:88,0
DA:89,0
DA:95,0
DA:96,0
DA:99,0
DA:102,0
DA:103,0
DA:104,0
DA:106,0
DA:107,0
DA:113,0
DA:117,0
DA:118,0
DA:120,0
DA:121,0
DA:127,0
DA:128,0
DA:131,0
DA:133,0
DA:137,0
DA:138,0
DA:139,0
DA:140,0
DA:143,0
DA:144,0
DA:146,0
DA:148,0
DA:150,0
DA:152,0
DA:156,0
DA:157,0
DA:165,0
DA:166,0
DA:171,0
DA:181,0
DA:190,0
DA:240,0
DA:265,0
DA:285,0
DA:329,0
DA:364,0
DA:379,0
LF:69
LH:0
BRDA:78,0,0,0
BRDA:78,1,0,0
BRDA:78,1,1,0
BRDA:85,2,0,0
BRDA:95,3,0,0
BRDA:99,4,0,0
BRDA:99,4,1,0
BRDA:102,5,0,0
BRDA:102,5,1,0
BRDA:118,6,0,0
BRDA:127,7,0,0
BRDA:131,8,0,0
BRDA:131,8,1,0
BRDA:138,9,0,0
BRDA:140,10,0,0
BRDA:140,10,1,0
BRDA:144,11,0,0
BRDA:144,11,1,0
BRDA:144,11,2,0
BRDA:144,11,3,0
BRDA:166,12,0,0
BRDA:166,12,1,0
BRDA:166,12,2,0
BRDA:166,12,3,0
BRDA:263,13,0,0
BRDA:263,13,1,0
BRDA:274,14,0,0
BRDA:274,14,1,0
BRDA:277,15,0,0
BRDA:277,15,1,0
BRDA:296,16,0,0
BRDA:296,16,1,0
BRDA:326,17,0,0
BRDA:326,17,1,0
BRF:34
BRH:0
end_of_record
TN:
SF:src\components\dashboard\CalendarWidget.tsx
FN:28,(anonymous_9)
FN:39,(anonymous_10)
FN:86,(anonymous_11)
FN:89,(anonymous_12)
FN:95,(anonymous_13)
FN:99,(anonymous_14)
FN:107,(anonymous_15)
FN:108,(anonymous_16)
FN:118,(anonymous_17)
FN:124,(anonymous_18)
FN:130,(anonymous_19)
FN:176,(anonymous_20)
FN:178,(anonymous_21)
FN:183,(anonymous_22)
FN:225,(anonymous_23)
FN:247,(anonymous_24)
FN:251,(anonymous_25)
FNF:17
FNH:0
FNDA:0,(anonymous_9)
FNDA:0,(anonymous_10)
FNDA:0,(anonymous_11)
FNDA:0,(anonymous_12)
FNDA:0,(anonymous_13)
FNDA:0,(anonymous_14)
FNDA:0,(anonymous_15)
FNDA:0,(anonymous_16)
FNDA:0,(anonymous_17)
FNDA:0,(anonymous_18)
FNDA:0,(anonymous_19)
FNDA:0,(anonymous_20)
FNDA:0,(anonymous_21)
FNDA:0,(anonymous_22)
FNDA:0,(anonymous_23)
FNDA:0,(anonymous_24)
FNDA:0,(anonymous_25)
DA:1,0
DA:2,0
DA:3,0
DA:4,0
DA:5,0
DA:12,0
DA:13,0
DA:28,0
DA:29,0
DA:30,0
DA:31,0
DA:32,0
DA:33,0
DA:34,0
DA:35,0
DA:36,0
DA:39,0
DA:41,0
DA:83,0
DA:86,0
DA:87,0
DA:89,0
DA:90,0
DA:91,0
DA:95,0
DA:96,0
DA:99,0
DA:100,0
DA:107,0
DA:108,0
DA:109,0
DA:110,0
DA:118,0
DA:119,0
DA:120,0
DA:121,0
DA:124,0
DA:125,0
DA:126,0
DA:127,0
DA:130,0
DA:131,0
DA:132,0
DA:133,0
DA:137,0
DA:176,0
DA:179,0
DA:184,0
DA:225,0
DA:248,0
DA:252,0
DA:313,0
LF:52
LH:0
BRDA:28,0,0,0
BRDA:111,1,0,0
BRDA:111,1,1,0
BRDA:111,1,2,0
BRDA:131,2,0,0
BRDA:141,3,0,0
BRDA:141,3,1,0
BRDA:154,4,0,0
BRDA:154,4,1,0
BRDA:159,5,0,0
BRDA:159,5,1,0
BRDA:161,6,0,0
BRDA:161,6,1,0
BRDA:174,7,0,0
BRDA:174,7,1,0
BRDA:192,8,0,0
BRDA:192,8,1,0
BRDA:200,9,0,0
BRDA:200,9,1,0
BRDA:204,10,0,0
BRDA:204,10,1,0
BRDA:244,11,0,0
BRDA:244,11,1,0
BRDA:261,12,0,0
BRDA:261,12,1,0
BRDA:267,13,0,0
BRDA:267,13,1,0
BRDA:273,14,0,0
BRDA:273,14,1,0
BRDA:305,15,0,0
BRDA:305,15,1,0
BRF:31
BRH:0
end_of_record
TN:
SF:src\components\dashboard\DashboardOverview.tsx
FN:53,(anonymous_9)
FN:62,(anonymous_10)
FN:152,(anonymous_11)
FN:169,(anonymous_12)
FN:175,(anonymous_13)
FN:176,(anonymous_14)
FN:177,(anonymous_15)
FN:183,(anonymous_16)
FN:184,(anonymous_17)
FN:185,(anonymous_18)
FN:197,(anonymous_19)
FN:201,(anonymous_20)
FN:202,(anonymous_21)
FN:203,(anonymous_22)
FN:215,(anonymous_23)
FN:219,(anonymous_24)
FN:241,(anonymous_25)
FN:271,(anonymous_26)
FN:275,(anonymous_27)
FN:304,(anonymous_28)
FN:305,(anonymous_29)
FN:306,(anonymous_30)
FN:320,(anonymous_31)
FN:342,(anonymous_32)
FN:344,(anonymous_33)
FN:366,(anonymous_34)
FNF:26
FNH:0
FNDA:0,(anonymous_9)
FNDA:0,(anonymous_10)
FNDA:0,(anonymous_11)
FNDA:0,(anonymous_12)
FNDA:0,(anonymous_13)
FNDA:0,(anonymous_14)
FNDA:0,(anonymous_15)
FNDA:0,(anonymous_16)
FNDA:0,(anonymous_17)
FNDA:0,(anonymous_18)
FNDA:0,(anonymous_19)
FNDA:0,(anonymous_20)
FNDA:0,(anonymous_21)
FNDA:0,(anonymous_22)
FNDA:0,(anonymous_23)
FNDA:0,(anonymous_24)
FNDA:0,(anonymous_25)
FNDA:0,(anonymous_26)
FNDA:0,(anonymous_27)
FNDA:0,(anonymous_28)
FNDA:0,(anonymous_29)
FNDA:0,(anonymous_30)
FNDA:0,(anonymous_31)
FNDA:0,(anonymous_32)
FNDA:0,(anonymous_33)
FNDA:0,(anonymous_34)
DA:1,0
DA:2,0
DA:3,0
DA:4,0
DA:5,0
DA:17,0
DA:18,0
DA:19,0
DA:25,0
DA:53,0
DA:57,0
DA:58,0
DA:59,0
DA:62,0
DA:63,0
DA:147,0
DA:148,0
DA:149,0
DA:150,0
DA:152,0
DA:153,0
DA:154,0
DA:155,0
DA:156,0
DA:158,0
DA:160,0
DA:163,0
DA:164,0
DA:169,0
DA:170,0
DA:171,0
DA:175,0
DA:176,0
DA:177,0
DA:178,0
DA:183,0
DA:184,0
DA:185,0
DA:186,0
DA:188,0
DA:189,0
DA:190,0
DA:193,0
DA:194,0
DA:195,0
DA:197,0
DA:201,0
DA:202,0
DA:203,0
DA:204,0
DA:206,0
DA:207,0
DA:208,0
DA:211,0
DA:212,0
DA:213,0
DA:215,0
DA:219,0
DA:220,0
DA:221,0
DA:224,0
DA:241,0
DA:272,0
DA:275,0
DA:304,0
DA:305,0
DA:307,0
DA:320,0
DA:342,0
DA:344,0
DA:366,0
DA:408,0
LF:72
LH:0
BRDA:54,0,0,0
BRDA:149,1,0,0
BRDA:149,1,1,0
BRDA:153,2,0,0
BRDA:154,3,0,0
BRDA:155,4,0,0
BRDA:156,5,0,0
BRDA:170,6,0,0
BRDA:178,7,0,0
BRDA:178,7,1,0
BRDA:186,8,0,0
BRDA:204,9,0,0
BRDA:239,10,0,0
BRDA:239,10,1,0
BRDA:258,11,0,0
BRDA:258,11,1,0
BRDA:283,12,0,0
BRDA:283,12,1,0
BRDA:286,13,0,0
BRDA:286,13,1,0
BRDA:314,14,0,0
BRDA:314,14,1,0
BRF:22
BRH:0
end_of_record
TN:
SF:src\components\dashboard\EmailWidget.tsx
FN:47,(anonymous_9)
FN:95,(anonymous_10)
FN:102,(anonymous_11)
FN:108,(anonymous_12)
FN:121,(anonymous_13)
FN:136,(anonymous_14)
FN:167,(anonymous_15)
FN:178,(anonymous_16)
FN:189,(anonymous_17)
FN:199,(anonymous_18)
FN:217,(anonymous_19)
FN:246,(anonymous_20)
FN:271,(anonymous_21)
FN:280,(anonymous_22)
FN:289,(anonymous_23)
FN:301,(anonymous_24)
FN:366,(anonymous_25)
FN:368,(anonymous_26)
FNF:18
FNH:0
FNDA:0,(anonymous_9)
FNDA:0,(anonymous_10)
FNDA:0,(anonymous_11)
FNDA:0,(anonymous_12)
FNDA:0,(anonymous_13)
FNDA:0,(anonymous_14)
FNDA:0,(anonymous_15)
FNDA:0,(anonymous_16)
FNDA:0,(anonymous_17)
FNDA:0,(anonymous_18)
FNDA:0,(anonymous_19)
FNDA:0,(anonymous_20)
FNDA:0,(anonymous_21)
FNDA:0,(anonymous_22)
FNDA:0,(anonymous_23)
FNDA:0,(anonymous_24)
FNDA:0,(anonymous_25)
FNDA:0,(anonymous_26)
DA:1,0
DA:2,0
DA:3,0
DA:4,0
DA:5,0
DA:6,0
DA:7,0
DA:8,0
DA:17,0
DA:30,0
DA:31,0
DA:47,0
DA:48,0
DA:49,0
DA:50,0
DA:51,0
DA:52,0
DA:53,0
DA:54,0
DA:55,0
DA:56,0
DA:57,0
DA:62,0
DA:95,0
DA:96,0
DA:97,0
DA:98,0
DA:102,0
DA:103,0
DA:104,0
DA:105,0
DA:108,0
DA:109,0
DA:110,0
DA:115,0
DA:118,0
DA:121,0
DA:122,0
DA:123,0
DA:124,0
DA:125,0
DA:126,0
DA:127,0
DA:129,0
DA:136,0
DA:137,0
DA:138,0
DA:139,0
DA:142,0
DA:167,0
DA:178,0
DA:189,0
DA:200,0
DA:217,0
DA:246,0
DA:271,0
DA:280,0
DA:289,0
DA:302,0
DA:366,0
DA:368,0
DA:381,0
LF:62
LH:0
BRDA:47,0,0,0
BRDA:96,1,0,0
BRDA:109,2,0,0
BRDA:109,3,0,0
BRDA:109,3,1,0
BRDA:109,3,2,0
BRDA:137,4,0,0
BRDA:138,5,0,0
BRDA:195,6,0,0
BRDA:195,6,1,0
BRDA:250,7,0,0
BRDA:250,7,1,0
BRDA:270,8,0,0
BRDA:270,8,1,0
BRDA:279,9,0,0
BRDA:279,9,1,0
BRDA:288,10,0,0
BRDA:288,10,1,0
BRDA:299,11,0,0
BRDA:299,11,1,0
BRDA:299,12,0,0
BRDA:299,12,1,0
BRDA:307,13,0,0
BRDA:307,13,1,0
BRDA:311,14,0,0
BRDA:311,14,1,0
BRDA:320,15,0,0
BRDA:320,15,1,0
BRDA:329,16,0,0
BRDA:329,16,1,0
BRDA:343,17,0,0
BRDA:343,17,1,0
BRDA:348,18,0,0
BRDA:348,18,1,0
BRDA:365,19,0,0
BRDA:365,19,1,0
BRDA:365,20,0,0
BRDA:365,20,1,0
BRF:38
BRH:0
end_of_record
TN:
SF:src\components\dashboard\FileUploadSection.tsx
FN:14,(anonymous_9)
FN:26,(anonymous_10)
FN:30,(anonymous_11)
FN:54,(anonymous_12)
FN:60,(anonymous_13)
FN:83,(anonymous_14)
FN:92,(anonymous_15)
FN:123,(anonymous_16)
FNF:8
FNH:0
FNDA:0,(anonymous_9)
FNDA:0,(anonymous_10)
FNDA:0,(anonymous_11)
FNDA:0,(anonymous_12)
FNDA:0,(anonymous_13)
FNDA:0,(anonymous_14)
FNDA:0,(anonymous_15)
FNDA:0,(anonymous_16)
DA:1,0
DA:2,0
DA:3,0
DA:5,0
DA:6,0
DA:7,0
DA:14,0
DA:18,0
DA:19,0
DA:20,0
DA:21,0
DA:22,0
DA:26,0
DA:27,0
DA:30,0
DA:33,0
DA:34,0
DA:36,0
DA:37,0
DA:39,0
DA:40,0
DA:41,0
DA:42,0
DA:43,0
DA:52,0
DA:54,0
DA:55,0
DA:58,0
DA:60,0
DA:61,0
DA:62,0
DA:63,0
DA:68,0
DA:69,0
DA:77,0
DA:79,0
DA:83,0
DA:84,0
DA:88,0
DA:90,0
DA:92,0
DA:93,0
DA:94,0
DA:101,0
DA:105,0
DA:106,0
DA:107,0
DA:118,0
DA:121,0
DA:123,0
DA:127,0
DA:213,0
LF:52
LH:0
BRDA:34,0,0,0
BRDA:40,1,0,0
BRDA:40,1,1,0
BRDA:111,2,0,0
BRDA:111,2,1,0
BRDA:121,3,0,0
BRDA:152,4,0,0
BRDA:152,4,1,0
BRDA:161,5,0,0
BRDA:161,5,1,0
BRDA:176,6,0,0
BRDA:176,6,1,0
BRDA:183,7,0,0
BRDA:183,7,1,0
BRF:14
BRH:0
end_of_record
TN:
SF:src\components\dashboard\Header.tsx
FN:11,(anonymous_1)
FNF:1
FNH:0
FNDA:0,(anonymous_1)
DA:1,0
DA:2,0
DA:3,0
DA:11,0
DA:16,0
DA:18,0
DA:32,0
LF:7
LH:0
BRDA:14,0,0,0
BRDA:26,1,0,0
BRDA:26,1,1,0
BRF:3
BRH:0
end_of_record
TN:
SF:src\components\dashboard\InventoryPreview.tsx
FN:26,(anonymous_1)
FN:32,(anonymous_2)
FN:85,(anonymous_3)
FNF:3
FNH:0
FNDA:0,(anonymous_1)
FNDA:0,(anonymous_2)
FNDA:0,(anonymous_3)
DA:1,0
DA:2,0
DA:3,0
DA:4,0
DA:5,0
DA:6,0
DA:7,0
DA:8,0
DA:26,0
DA:30,0
DA:32,0
DA:33,0
DA:35,0
DA:42,0
DA:48,0
DA:56,0
DA:86,0
DA:146,0
LF:18
LH:0
BRDA:27,0,0,0
BRDA:33,1,0,0
BRDA:33,1,1,0
BRDA:33,1,2,0
BRDA:73,2,0,0
BRDA:73,2,1,0
BRDA:109,3,0,0
BRDA:109,3,1,0
BRDA:109,3,2,0
BRF:9
BRH:0
end_of_record
TN:
SF:src\components\dashboard\NotificationsPanel.tsx
FN:28,(anonymous_9)
FN:34,(anonymous_10)
FN:74,(anonymous_11)
FN:76,(anonymous_12)
FN:77,(anonymous_13)
FN:78,(anonymous_14)
FN:82,(anonymous_15)
FN:83,(anonymous_16)
FN:83,(anonymous_17)
FN:86,(anonymous_18)
FN:87,(anonymous_19)
FN:87,(anonymous_20)
FN:90,(anonymous_21)
FN:105,(anonymous_22)
FN:128,(anonymous_23)
FN:164,(anonymous_24)
FN:192,(anonymous_25)
FN:222,(anonymous_26)
FN:223,(anonymous_27)
FN:253,(anonymous_28)
FNF:20
FNH:0
FNDA:0,(anonymous_9)
FNDA:0,(anonymous_10)
FNDA:0,(anonymous_11)
FNDA:0,(anonymous_12)
FNDA:0,(anonymous_13)
FNDA:0,(anonymous_14)
FNDA:0,(anonymous_15)
FNDA:0,(anonymous_16)
FNDA:0,(anonymous_17)
FNDA:0,(anonymous_18)
FNDA:0,(anonymous_19)
FNDA:0,(anonymous_20)
FNDA:0,(anonymous_21)
FNDA:0,(anonymous_22)
FNDA:0,(anonymous_23)
FNDA:0,(anonymous_24)
FNDA:0,(anonymous_25)
FNDA:0,(anonymous_26)
FNDA:0,(anonymous_27)
FNDA:0,(anonymous_28)
DA:1,0
DA:2,0
DA:3,0
DA:4,0
DA:12,0
DA:13,0
DA:28,0
DA:29,0
DA:30,0
DA:31,0
DA:34,0
DA:36,0
DA:71,0
DA:74,0
DA:76,0
DA:77,0
DA:78,0
DA:82,0
DA:83,0
DA:86,0
DA:87,0
DA:90,0
DA:91,0
DA:93,0
DA:95,0
DA:97,0
DA:99,0
DA:101,0
DA:105,0
DA:106,0
DA:108,0
DA:110,0
DA:112,0
DA:114,0
DA:116,0
DA:120,0
DA:128,0
DA:165,0
DA:192,0
DA:222,0
DA:224,0
DA:253,0
DA:271,0
LF:43
LH:0
BRDA:28,0,0,0
BRDA:78,1,0,0
BRDA:78,1,1,0
BRDA:91,2,0,0
BRDA:91,2,1,0
BRDA:91,2,2,0
BRDA:91,2,3,0
BRDA:91,2,4,0
BRDA:106,3,0,0
BRDA:106,3,1,0
BRDA:106,3,2,0
BRDA:106,3,3,0
BRDA:106,3,4,0
BRDA:131,4,0,0
BRDA:131,4,1,0
BRDA:143,5,0,0
BRDA:143,5,1,0
BRDA:163,6,0,0
BRDA:163,6,1,0
BRDA:167,7,0,0
BRDA:167,7,1,0
BRDA:248,8,0,0
BRDA:248,8,1,0
BRDA:261,9,0,0
BRDA:261,9,1,0
BRF:25
BRH:0
end_of_record
TN:
SF:src\components\dashboard\ProjectsOverview.tsx
FN:21,(anonymous_1)
FN:56,(anonymous_2)
FN:69,(anonymous_3)
FN:75,(anonymous_4)
FN:95,(anonymous_5)
FNF:5
FNH:0
FNDA:0,(anonymous_1)
FNDA:0,(anonymous_2)
FNDA:0,(anonymous_3)
FNDA:0,(anonymous_4)
FNDA:0,(anonymous_5)
DA:1,0
DA:2,0
DA:3,0
DA:4,0
DA:5,0
DA:6,0
DA:7,0
DA:21,0
DA:22,0
DA:25,0
DA:56,0
DA:57,0
DA:59,0
DA:61,0
DA:63,0
DA:65,0
DA:69,0
DA:70,0
DA:71,0
DA:72,0
DA:75,0
DA:76,0
DA:77,0
DA:84,0
DA:96,0
DA:146,0
LF:26
LH:0
BRDA:21,0,0,0
BRDA:57,1,0,0
BRDA:57,1,1,0
BRDA:57,1,2,0
BRDA:57,1,3,0
BRDA:70,2,0,0
BRDA:71,3,0,0
BRDA:106,4,0,0
BRDA:106,4,1,0
BRDA:108,5,0,0
BRDA:108,5,1,0
BRF:11
BRH:0
end_of_record
TN:
SF:src\components\dashboard\QuickActions.tsx
FN:21,(anonymous_1)
FN:30,(anonymous_2)
FN:36,(anonymous_3)
FN:42,(anonymous_4)
FN:48,(anonymous_5)
FN:54,(anonymous_6)
FN:60,(anonymous_7)
FN:66,(anonymous_8)
FN:72,(anonymous_9)
FN:80,(anonymous_10)
FNF:10
FNH:0
FNDA:0,(anonymous_1)
FNDA:0,(anonymous_2)
FNDA:0,(anonymous_3)
FNDA:0,(anonymous_4)
FNDA:0,(anonymous_5)
FNDA:0,(anonymous_6)
FNDA:0,(anonymous_7)
FNDA:0,(anonymous_8)
FNDA:0,(anonymous_9)
FNDA:0,(anonymous_10)
DA:1,0
DA:2,0
DA:3,0
DA:4,0
DA:5,0
DA:15,0
DA:21,0
DA:22,0
DA:23,0
DA:25,0
DA:30,0
DA:36,0
DA:42,0
DA:48,0
DA:54,0
DA:60,0
DA:66,0
DA:72,0
DA:76,0
DA:81,0
DA:104,0
LF:21
LH:0
BRDA:21,0,0,0
BRF:1
BRH:0
end_of_record
TN:
SF:src\components\dashboard\RecentActivity.tsx
FN:35,(anonymous_9)
FN:40,(anonymous_10)
FN:96,(anonymous_11)
FN:97,(anonymous_12)
FN:98,(anonymous_13)
FN:102,(anonymous_14)
FN:103,(anonymous_15)
FN:103,(anonymous_16)
FN:106,(anonymous_17)
FN:143,(anonymous_18)
FN:150,(anonymous_19)
FNF:11
FNH:0
FNDA:0,(anonymous_9)
FNDA:0,(anonymous_10)
FNDA:0,(anonymous_11)
FNDA:0,(anonymous_12)
FNDA:0,(anonymous_13)
FNDA:0,(anonymous_14)
FNDA:0,(anonymous_15)
FNDA:0,(anonymous_16)
FNDA:0,(anonymous_17)
FNDA:0,(anonymous_18)
FNDA:0,(anonymous_19)
DA:1,0
DA:2,0
DA:3,0
DA:4,0
DA:13,0
DA:35,0
DA:36,0
DA:37,0
DA:40,0
DA:42,0
DA:93,0
DA:96,0
DA:97,0
DA:98,0
DA:102,0
DA:103,0
DA:106,0
DA:107,0
DA:109,0
DA:111,0
DA:113,0
DA:115,0
DA:117,0
DA:119,0
DA:121,0
DA:123,0
DA:127,0
DA:144,0
DA:150,0
DA:178,0
LF:30
LH:0
BRDA:35,0,0,0
BRDA:98,1,0,0
BRDA:98,1,1,0
BRDA:107,2,0,0
BRDA:107,2,1,0
BRDA:107,2,2,0
BRDA:107,2,3,0
BRDA:107,2,4,0
BRDA:107,2,5,0
BRDA:107,2,6,0
BRDA:107,2,7,0
BRDA:142,3,0,0
BRDA:142,3,1,0
BRDA:146,4,0,0
BRDA:146,4,1,0
BRF:15
BRH:0
end_of_record
TN:
SF:src\components\dashboard\SplineWidget.tsx
FN:13,(anonymous_10)
FN:18,(anonymous_11)
FN:27,(anonymous_12)
FNF:3
FNH:0
FNDA:0,(anonymous_10)
FNDA:0,(anonymous_11)
FNDA:0,(anonymous_12)
DA:1,0
DA:2,0
DA:3,0
DA:4,0
DA:5,0
DA:6,0
DA:7,0
DA:13,0
DA:14,0
DA:15,0
DA:16,0
DA:18,0
DA:19,0
DA:20,0
DA:27,0
DA:28,0
DA:29,0
DA:36,0
DA:133,0
LF:19
LH:0
BRDA:13,0,0,0
BRDA:57,1,0,0
BRDA:57,1,1,0
BRDA:57,1,2,0
BRDA:81,2,0,0
BRDA:81,2,1,0
BRDA:81,2,2,0
BRDA:105,3,0,0
BRDA:105,3,1,0
BRDA:105,3,2,0
BRF:10
BRH:0
end_of_record
TN:
SF:src\components\dashboard\WelcomeCard.tsx
FN:12,(anonymous_1)
FNF:1
FNH:0
FNDA:0,(anonymous_1)
DA:1,0
DA:2,0
DA:3,0
DA:4,0
DA:5,0
DA:12,0
DA:13,0
DA:15,0
DA:57,0
LF:9
LH:0
BRDA:12,0,0,0
BRDA:37,1,0,0
BRDA:37,1,1,0
BRF:3
BRH:0
end_of_record
TN:
SF:src\components\debug\DatabaseChecker.tsx
FN:8,DatabaseChecker
FN:16,(anonymous_10)
FN:59,(anonymous_11)
FN:84,(anonymous_12)
FN:95,(anonymous_13)
FNF:5
FNH:0
FNDA:0,DatabaseChecker
FNDA:0,(anonymous_10)
FNDA:0,(anonymous_11)
FNDA:0,(anonymous_12)
FNDA:0,(anonymous_13)
DA:1,0
DA:2,0
DA:3,0
DA:4,0
DA:5,0
DA:6,0
DA:8,0
DA:9,0
DA:10,0
DA:16,0
DA:17,0
DA:18,0
DA:20,0
DA:22,0
DA:27,0
DA:32,0
DA:37,0
DA:42,0
DA:47,0
DA:51,0
DA:53,0
DA:54,0
DA:59,0
DA:60,0
DA:62,0
DA:64,0
DA:65,0
DA:66,0
DA:70,0
DA:71,0
DA:72,0
DA:76,0
DA:78,0
DA:80,0
DA:84,0
DA:85,0
DA:88,0
DA:96,0
LF:38
LH:0
BRDA:27,0,0,0
BRDA:27,0,1,0
BRDA:37,1,0,0
BRDA:37,1,1,0
BRDA:47,2,0,0
BRDA:47,2,1,0
BRDA:64,3,0,0
BRDA:66,4,0,0
BRDA:70,5,0,0
BRDA:72,6,0,0
BRDA:96,7,0,0
BRDA:96,7,1,0
BRDA:98,8,0,0
BRDA:98,8,1,0
BRDA:105,9,0,0
BRDA:105,9,1,0
BRF:16
BRH:0
end_of_record
TN:
SF:src\components\documents\DocumentCollaboration.tsx
FN:8,(anonymous_1)
FNF:1
FNH:0
FNDA:0,(anonymous_1)
DA:1,0
DA:8,0
DA:9,0
DA:17,0
LF:4
LH:0
BRF:0
BRH:0
end_of_record
TN:
SF:src\components\home\CallToAction.tsx
FN:16,(anonymous_1)
FN:21,(anonymous_2)
FN:22,(anonymous_3)
FN:57,(anonymous_4)
FN:83,(anonymous_5)
FNF:5
FNH:0
FNDA:0,(anonymous_1)
FNDA:0,(anonymous_2)
FNDA:0,(anonymous_3)
FNDA:0,(anonymous_4)
FNDA:0,(anonymous_5)
DA:1,0
DA:2,0
DA:3,0
DA:4,0
DA:16,0
DA:25,0
DA:35,0
DA:47,0
DA:57,0
DA:58,0
DA:83,0
DA:84,0
DA:92,0
DA:120,0
DA:262,0
LF:15
LH:0
BRDA:17,0,0,0
BRDA:18,1,0,0
BRDA:19,2,0,0
BRDA:20,3,0,0
BRDA:21,4,0,0
BRDA:22,5,0,0
BRDA:23,6,0,0
BRDA:99,7,0,0
BRDA:99,7,1,0
BRF:9
BRH:0
end_of_record
TN:
SF:src\components\home\FeatureGrid.tsx
FN:94,(anonymous_1)
FN:142,(anonymous_2)
FN:200,(anonymous_3)
FNF:3
FNH:0
FNDA:0,(anonymous_1)
FNDA:0,(anonymous_2)
FNDA:0,(anonymous_3)
DA:1,0
DA:2,0
DA:3,0
DA:4,0
DA:5,0
DA:15,0
DA:35,0
DA:94,0
DA:95,0
DA:142,0
DA:147,0
DA:157,0
DA:168,0
DA:201,0
DA:217,0
LF:15
LH:0
BRDA:143,0,0,0
BRF:1
BRH:0
end_of_record
TN:
SF:src\components\home\HeroSection.tsx
FN:16,(anonymous_1)
FN:21,(anonymous_2)
FN:22,(anonymous_3)
FN:110,(anonymous_4)
FN:252,(anonymous_5)
FNF:5
FNH:0
FNDA:0,(anonymous_1)
FNDA:0,(anonymous_2)
FNDA:0,(anonymous_3)
FNDA:0,(anonymous_4)
FNDA:0,(anonymous_5)
DA:1,0
DA:2,0
DA:3,0
DA:4,0
DA:5,0
DA:16,0
DA:25,0
DA:36,0
DA:48,0
DA:111,0
DA:253,0
DA:296,0
LF:12
LH:0
BRDA:17,0,0,0
BRDA:18,1,0,0
BRDA:19,2,0,0
BRDA:20,3,0,0
BRDA:21,4,0,0
BRDA:22,5,0,0
BRF:6
BRH:0
end_of_record
TN:
SF:src\components\inventory\AutomatedOrderingSystem.tsx
FN:52,(anonymous_9)
FN:74,(anonymous_10)
FN:83,(anonymous_11)
FN:116,(anonymous_12)
FN:136,(anonymous_13)
FN:183,(anonymous_14)
FN:204,(anonymous_15)
FN:208,(anonymous_16)
FN:226,(anonymous_17)
FN:243,(anonymous_18)
FN:261,(anonymous_19)
FN:309,(anonymous_20)
FN:309,(anonymous_21)
FN:320,(anonymous_22)
FN:357,(anonymous_23)
FN:394,(anonymous_24)
FN:435,(anonymous_25)
FN:436,(anonymous_26)
FN:469,(anonymous_27)
FN:486,(anonymous_28)
FN:515,(anonymous_29)
FN:542,(anonymous_30)
FN:556,(anonymous_31)
FN:575,(anonymous_32)
FN:593,(anonymous_33)
FN:645,(anonymous_34)
FN:686,(anonymous_35)
FN:688,(anonymous_36)
FN:689,(anonymous_37)
FN:702,(anonymous_38)
FN:753,(anonymous_39)
FN:790,(anonymous_40)
FN:797,(anonymous_41)
FNF:33
FNH:0
FNDA:0,(anonymous_9)
FNDA:0,(anonymous_10)
FNDA:0,(anonymous_11)
FNDA:0,(anonymous_12)
FNDA:0,(anonymous_13)
FNDA:0,(anonymous_14)
FNDA:0,(anonymous_15)
FNDA:0,(anonymous_16)
FNDA:0,(anonymous_17)
FNDA:0,(anonymous_18)
FNDA:0,(anonymous_19)
FNDA:0,(anonymous_20)
FNDA:0,(anonymous_21)
FNDA:0,(anonymous_22)
FNDA:0,(anonymous_23)
FNDA:0,(anonymous_24)
FNDA:0,(anonymous_25)
FNDA:0,(anonymous_26)
FNDA:0,(anonymous_27)
FNDA:0,(anonymous_28)
FNDA:0,(anonymous_29)
FNDA:0,(anonymous_30)
FNDA:0,(anonymous_31)
FNDA:0,(anonymous_32)
FNDA:0,(anonymous_33)
FNDA:0,(anonymous_34)
FNDA:0,(anonymous_35)
FNDA:0,(anonymous_36)
FNDA:0,(anonymous_37)
FNDA:0,(anonymous_38)
FNDA:0,(anonymous_39)
FNDA:0,(anonymous_40)
FNDA:0,(anonymous_41)
DA:1,0
DA:2,0
DA:3,0
DA:4,0
DA:5,0
DA:6,0
DA:7,0
DA:8,0
DA:9,0
DA:15,0
DA:52,0
DA:56,0
DA:57,0
DA:58,0
DA:66,0
DA:67,0
DA:68,0
DA:69,0
DA:74,0
DA:75,0
DA:76,0
DA:77,0
DA:78,0
DA:79,0
DA:83,0
DA:84,0
DA:86,0
DA:87,0
DA:88,0
DA:94,0
DA:95,0
DA:96,0
DA:99,0
DA:100,0
DA:110,0
DA:112,0
DA:116,0
DA:117,0
DA:118,0
DA:123,0
DA:124,0
DA:125,0
DA:128,0
DA:129,0
DA:132,0
DA:136,0
DA:137,0
DA:139,0
DA:140,0
DA:141,0
DA:154,0
DA:155,0
DA:156,0
DA:161,0
DA:164,0
DA:172,0
DA:173,0
DA:179,0
DA:183,0
DA:184,0
DA:186,0
DA:188,0
DA:197,0
DA:198,0
DA:199,0
DA:203,0
DA:205,0
DA:206,0
DA:210,0
DA:214,0
DA:220,0
DA:222,0
DA:226,0
DA:227,0
DA:229,0
DA:230,0
DA:237,0
DA:238,0
DA:239,0
DA:242,0
DA:243,0
DA:254,0
DA:257,0
DA:261,0
DA:262,0
DA:264,0
DA:266,0
DA:270,0
DA:287,0
DA:288,0
DA:289,0
DA:294,0
DA:297,0
DA:307,0
DA:309,0
DA:311,0
DA:312,0
DA:320,0
DA:321,0
DA:322,0
DA:327,0
DA:328,0
DA:329,0
DA:334,0
DA:337,0
DA:346,0
DA:348,0
DA:349,0
DA:357,0
DA:358,0
DA:359,0
DA:364,0
DA:365,0
DA:366,0
DA:371,0
DA:374,0
DA:383,0
DA:385,0
DA:386,0
DA:394,0
DA:395,0
DA:397,0
DA:398,0
DA:400,0
DA:401,0
DA:402,0
DA:406,0
DA:419,0
DA:421,0
DA:422,0
DA:431,0
DA:435,0
DA:436,0
DA:442,0
DA:470,0
DA:487,0
DA:516,0
DA:543,0
DA:557,0
DA:576,0
DA:594,0
DA:646,0
DA:687,0
DA:688,0
DA:689,0
DA:690,0
DA:703,0
DA:754,0
DA:790,0
DA:797,0
DA:815,0
LF:151
LH:0
BRDA:75,0,0,0
BRDA:84,1,0,0
BRDA:94,2,0,0
BRDA:94,3,0,0
BRDA:94,3,1,0
BRDA:99,4,0,0
BRDA:123,5,0,0
BRDA:128,6,0,0
BRDA:137,7,0,0
BRDA:154,8,0,0
BRDA:184,9,0,0
BRDA:197,10,0,0
BRDA:205,11,0,0
BRDA:210,12,0,0
BRDA:210,12,1,0
BRDA:216,13,0,0
BRDA:216,13,1,0
BRDA:227,14,0,0
BRDA:237,15,0,0
BRDA:242,16,0,0
BRDA:251,17,0,0
BRDA:251,17,1,0
BRDA:262,18,0,0
BRDA:266,19,0,0
BRDA:266,19,1,0
BRDA:277,20,0,0
BRDA:277,20,1,0
BRDA:277,21,0,0
BRDA:277,21,1,0
BRDA:287,22,0,0
BRDA:327,23,0,0
BRDA:364,24,0,0
BRDA:395,25,0,0
BRDA:395,26,0,0
BRDA:395,26,1,0
BRDA:401,27,0,0
BRDA:489,28,0,0
BRDA:489,28,1,0
BRDA:518,29,0,0
BRDA:518,29,1,0
BRDA:541,30,0,0
BRDA:541,30,1,0
BRDA:545,31,0,0
BRDA:545,31,1,0
BRDA:574,32,0,0
BRDA:574,32,1,0
BRDA:578,33,0,0
BRDA:578,33,1,0
BRDA:618,34,0,0
BRDA:618,34,1,0
BRDA:634,35,0,0
BRDA:634,35,1,0
BRDA:687,36,0,0
BRDA:687,36,1,0
BRDA:690,37,0,0
BRDA:690,37,1,0
BRDA:703,38,0,0
BRDA:703,38,1,0
BRDA:719,39,0,0
BRDA:719,39,1,0
BRDA:719,39,2,0
BRDA:742,40,0,0
BRDA:742,40,1,0
BRDA:771,41,0,0
BRDA:771,41,1,0
BRF:65
BRH:0
end_of_record
TN:
SF:src\components\inventory\DeleteConfirmationDialog.tsx
FN:23,(anonymous_9)
FN:33,(anonymous_10)
FN:68,(anonymous_11)
FNF:3
FNH:0
FNDA:0,(anonymous_9)
FNDA:0,(anonymous_10)
FNDA:0,(anonymous_11)
DA:1,0
DA:2,0
DA:3,0
DA:13,0
DA:23,0
DA:29,0
DA:30,0
DA:33,0
DA:34,0
DA:36,0
DA:38,0
DA:39,0
DA:41,0
DA:42,0
DA:45,0
DA:49,0
DA:51,0
DA:69,0
DA:70,0
DA:84,0
LF:20
LH:0
BRDA:34,0,0,0
BRDA:41,1,0,0
BRDA:49,2,0,0
BRDA:75,3,0,0
BRDA:75,3,1,0
BRF:5
BRH:0
end_of_record
TN:
SF:src\components\inventory\ImportDialog.tsx
FN:27,(anonymous_9)
FN:43,(anonymous_10)
FN:75,(anonymous_11)
FN:105,(anonymous_12)
FN:116,(anonymous_13)
FN:117,(anonymous_14)
FN:139,(anonymous_15)
FN:161,(anonymous_16)
FN:268,(anonymous_17)
FN:276,(anonymous_18)
FN:278,(anonymous_19)
FN:305,(anonymous_20)
FN:313,(anonymous_21)
FNF:13
FNH:0
FNDA:0,(anonymous_9)
FNDA:0,(anonymous_10)
FNDA:0,(anonymous_11)
FNDA:0,(anonymous_12)
FNDA:0,(anonymous_13)
FNDA:0,(anonymous_14)
FNDA:0,(anonymous_15)
FNDA:0,(anonymous_16)
FNDA:0,(anonymous_17)
FNDA:0,(anonymous_18)
FNDA:0,(anonymous_19)
FNDA:0,(anonymous_20)
FNDA:0,(anonymous_21)
DA:1,0
DA:2,0
DA:3,0
DA:11,0
DA:12,0
DA:13,0
DA:14,0
DA:15,0
DA:16,0
DA:17,0
DA:18,0
DA:19,0
DA:27,0
DA:32,0
DA:33,0
DA:34,0
DA:35,0
DA:36,0
DA:37,0
DA:38,0
DA:39,0
DA:40,0
DA:43,0
DA:44,0
DA:45,0
DA:46,0
DA:47,0
DA:49,0
DA:51,0
DA:58,0
DA:59,0
DA:60,0
DA:64,0
DA:65,0
DA:66,0
DA:70,0
DA:75,0
DA:76,0
DA:78,0
DA:79,0
DA:81,0
DA:82,0
DA:83,0
DA:85,0
DA:87,0
DA:89,0
DA:90,0
DA:93,0
DA:94,0
DA:97,0
DA:98,0
DA:100,0
DA:105,0
DA:106,0
DA:108,0
DA:109,0
DA:111,0
DA:112,0
DA:113,0
DA:116,0
DA:117,0
DA:118,0
DA:119,0
DA:123,0
DA:125,0
DA:126,0
DA:128,0
DA:129,0
DA:132,0
DA:139,0
DA:140,0
DA:141,0
DA:142,0
DA:143,0
DA:144,0
DA:147,0
DA:148,0
DA:150,0
DA:156,0
DA:161,0
DA:162,0
DA:163,0
DA:164,0
DA:165,0
DA:166,0
DA:170,0
DA:269,0
DA:277,0
DA:279,0
DA:305,0
DA:313,0
DA:349,0
LF:92
LH:0
BRDA:44,0,0,0
BRDA:44,0,1,0
BRDA:49,1,0,0
BRDA:58,2,0,0
BRDA:64,3,0,0
BRDA:76,4,0,0
BRDA:89,5,0,0
BRDA:93,6,0,0
BRDA:98,7,0,0
BRDA:98,7,1,0
BRDA:106,8,0,0
BRDA:119,9,0,0
BRDA:119,9,1,0
BRDA:128,10,0,0
BRDA:148,11,0,0
BRDA:148,11,1,0
BRDA:152,12,0,0
BRDA:152,12,1,0
BRDA:165,13,0,0
BRDA:211,14,0,0
BRDA:211,14,1,0
BRDA:233,15,0,0
BRDA:233,15,1,0
BRDA:237,16,0,0
BRDA:237,16,1,0
BRDA:250,17,0,0
BRDA:250,17,1,0
BRDA:258,18,0,0
BRDA:258,18,1,0
BRDA:258,18,2,0
BRDA:280,19,0,0
BRDA:280,19,1,0
BRDA:280,20,0,0
BRDA:280,20,1,0
BRDA:337,21,0,0
BRDA:337,21,1,0
BRDA:337,21,2,0
BRDA:339,22,0,0
BRDA:339,22,1,0
BRF:39
BRH:0
end_of_record
TN:
SF:src\components\inventory\InventoryActions.tsx
FN:21,(anonymous_1)
FN:56,(anonymous_2)
FN:60,(anonymous_3)
FNF:3
FNH:0
FNDA:0,(anonymous_1)
FNDA:0,(anonymous_2)
FNDA:0,(anonymous_3)
DA:1,0
DA:2,0
DA:3,0
DA:4,0
DA:10,0
DA:21,0
DA:29,0
DA:31,0
DA:56,0
DA:60,0
DA:74,0
DA:76,0
LF:12
LH:0
BRF:0
BRH:0
end_of_record
TN:
SF:src\components\inventory\InventoryAssistant.tsx
FN:27,(anonymous_9)
FN:33,(anonymous_10)
FN:37,(anonymous_11)
FN:48,(anonymous_12)
FN:58,(anonymous_13)
FN:66,(anonymous_14)
FN:67,(anonymous_15)
FN:80,(anonymous_16)
FN:91,(anonymous_17)
FN:99,(anonymous_18)
FN:119,(anonymous_19)
FN:124,(anonymous_20)
FN:129,(anonymous_21)
FN:140,(anonymous_22)
FN:157,(anonymous_23)
FN:169,(anonymous_24)
FN:185,(anonymous_25)
FN:199,(anonymous_26)
FN:212,(anonymous_27)
FN:219,(anonymous_28)
FN:229,(anonymous_29)
FN:257,(anonymous_30)
FN:266,(anonymous_31)
FN:289,(anonymous_32)
FN:331,(anonymous_33)
FN:349,(anonymous_34)
FN:352,(anonymous_35)
FN:355,(anonymous_36)
FN:358,(anonymous_37)
FNF:29
FNH:0
FNDA:0,(anonymous_9)
FNDA:0,(anonymous_10)
FNDA:0,(anonymous_11)
FNDA:0,(anonymous_12)
FNDA:0,(anonymous_13)
FNDA:0,(anonymous_14)
FNDA:0,(anonymous_15)
FNDA:0,(anonymous_16)
FNDA:0,(anonymous_17)
FNDA:0,(anonymous_18)
FNDA:0,(anonymous_19)
FNDA:0,(anonymous_20)
FNDA:0,(anonymous_21)
FNDA:0,(anonymous_22)
FNDA:0,(anonymous_23)
FNDA:0,(anonymous_24)
FNDA:0,(anonymous_25)
FNDA:0,(anonymous_26)
FNDA:0,(anonymous_27)
FNDA:0,(anonymous_28)
FNDA:0,(anonymous_29)
FNDA:0,(anonymous_30)
FNDA:0,(anonymous_31)
FNDA:0,(anonymous_32)
FNDA:0,(anonymous_33)
FNDA:0,(anonymous_34)
FNDA:0,(anonymous_35)
FNDA:0,(anonymous_36)
FNDA:0,(anonymous_37)
DA:1,0
DA:2,0
DA:3,0
DA:4,0
DA:6,0
DA:7,0
DA:8,0
DA:10,0
DA:11,0
DA:27,0
DA:33,0
DA:36,0
DA:37,0
DA:42,0
DA:43,0
DA:44,0
DA:47,0
DA:48,0
DA:52,0
DA:53,0
DA:54,0
DA:57,0
DA:59,0
DA:60,0
DA:65,0
DA:66,0
DA:67,0
DA:68,0
DA:71,0
DA:78,0
DA:79,0
DA:80,0
DA:81,0
DA:86,0
DA:87,0
DA:90,0
DA:91,0
DA:96,0
DA:99,0
DA:104,0
DA:105,0
DA:113,0
DA:114,0
DA:115,0
DA:116,0
DA:119,0
DA:120,0
DA:124,0
DA:125,0
DA:129,0
DA:130,0
DA:133,0
DA:140,0
DA:141,0
DA:142,0
DA:144,0
DA:146,0
DA:147,0
DA:150,0
DA:157,0
DA:159,0
DA:160,0
DA:162,0
DA:164,0
DA:165,0
DA:166,0
DA:168,0
DA:170,0
DA:171,0
DA:178,0
DA:185,0
DA:189,0
DA:192,0
DA:199,0
DA:202,0
DA:205,0
DA:212,0
DA:214,0
DA:219,0
DA:220,0
DA:221,0
DA:222,0
DA:226,0
DA:227,0
DA:229,0
DA:237,0
DA:257,0
DA:267,0
DA:290,0
DA:331,0
DA:349,0
DA:352,0
DA:355,0
DA:358,0
DA:367,0
LF:95
LH:0
BRDA:37,0,0,0
BRDA:37,0,1,0
BRDA:37,0,2,0
BRDA:42,1,0,0
BRDA:42,2,0,0
BRDA:42,2,1,0
BRDA:43,3,0,0
BRDA:52,4,0,0
BRDA:52,5,0,0
BRDA:52,5,1,0
BRDA:53,6,0,0
BRDA:59,7,0,0
BRDA:59,7,1,0
BRDA:65,8,0,0
BRDA:65,9,0,0
BRDA:65,9,1,0
BRDA:68,10,0,0
BRDA:68,10,1,0
BRDA:78,11,0,0
BRDA:78,12,0,0
BRDA:78,12,1,0
BRDA:81,13,0,0
BRDA:81,13,1,0
BRDA:81,13,2,0
BRDA:81,13,3,0
BRDA:81,13,4,0
BRDA:86,14,0,0
BRDA:92,15,0,0
BRDA:92,15,1,0
BRDA:130,16,0,0
BRDA:146,17,0,0
BRDA:146,17,1,0
BRDA:159,18,0,0
BRDA:159,18,1,0
BRDA:164,19,0,0
BRDA:164,20,0,0
BRDA:164,20,1,0
BRDA:165,21,0,0
BRDA:165,21,1,0
BRDA:170,22,0,0
BRDA:170,22,1,0
BRDA:173,23,0,0
BRDA:173,23,1,0
BRDA:220,24,0,0
BRDA:220,25,0,0
BRDA:220,25,1,0
BRDA:226,26,0,0
BRDA:270,27,0,0
BRDA:270,27,1,0
BRDA:274,28,0,0
BRDA:274,28,1,0
BRDA:284,29,0,0
BRDA:284,29,1,0
BRDA:292,30,0,0
BRDA:292,30,1,0
BRDA:296,31,0,0
BRDA:296,31,1,0
BRDA:307,32,0,0
BRDA:307,32,1,0
BRDA:341,33,0,0
BRDA:341,33,1,0
BRF:61
BRH:0
end_of_record
TN:
SF:src\components\inventory\InventoryFilters.tsx
FN:24,(anonymous_10)
FN:35,(anonymous_11)
FN:40,(anonymous_12)
FN:47,(anonymous_13)
FN:52,(anonymous_14)
FN:60,(anonymous_15)
FN:65,(anonymous_16)
FN:70,(anonymous_17)
FN:140,(anonymous_18)
FN:197,(anonymous_19)
FNF:10
FNH:0
FNDA:0,(anonymous_10)
FNDA:0,(anonymous_11)
FNDA:0,(anonymous_12)
FNDA:0,(anonymous_13)
FNDA:0,(anonymous_14)
FNDA:0,(anonymous_15)
FNDA:0,(anonymous_16)
FNDA:0,(anonymous_17)
FNDA:0,(anonymous_18)
FNDA:0,(anonymous_19)
DA:1,0
DA:2,0
DA:3,0
DA:4,0
DA:5,0
DA:6,0
DA:7,0
DA:8,0
DA:9,0
DA:10,0
DA:24,0
DA:30,0
DA:31,0
DA:32,0
DA:35,0
DA:36,0
DA:40,0
DA:41,0
DA:42,0
DA:47,0
DA:48,0
DA:52,0
DA:53,0
DA:60,0
DA:61,0
DA:65,0
DA:66,0
DA:70,0
DA:71,0
DA:72,0
DA:77,0
DA:82,0
DA:141,0
DA:198,0
DA:234,0
DA:236,0
LF:36
LH:0
BRDA:31,0,0,0
BRDA:31,0,1,0
BRDA:41,1,0,0
BRDA:55,2,0,0
BRDA:55,2,1,0
BRDA:77,3,0,0
BRDA:77,3,1,0
BRDA:77,3,2,0
BRDA:77,3,3,0
BRDA:120,4,0,0
BRDA:120,4,1,0
BRDA:130,5,0,0
BRDA:130,5,1,0
BRDA:162,6,0,0
BRDA:162,6,1,0
BRDA:187,7,0,0
BRDA:187,7,1,0
BRDA:219,8,0,0
BRDA:219,8,1,0
BRF:19
BRH:0
end_of_record
TN:
SF:src\components\inventory\ManagerFields.tsx
FN:24,(anonymous_1)
FNF:1
FNH:0
FNDA:0,(anonymous_1)
DA:1,0
DA:2,0
DA:3,0
DA:4,0
DA:5,0
DA:6,0
DA:24,0
DA:29,0
DA:30,0
DA:34,0
DA:35,0
DA:38,0
DA:158,0
LF:13
LH:0
BRDA:27,0,0,0
BRDA:34,1,0,0
BRDA:34,2,0,0
BRDA:34,2,1,0
BRDA:60,3,0,0
BRDA:60,3,1,0
BRDA:73,4,0,0
BRDA:73,4,1,0
BRDA:90,5,0,0
BRDA:90,5,1,0
BRDA:102,6,0,0
BRDA:102,6,1,0
BRDA:119,7,0,0
BRDA:119,7,1,0
BRDA:133,8,0,0
BRDA:133,8,1,0
BRDA:145,9,0,0
BRDA:145,9,1,0
BRF:18
BRH:0
end_of_record
TN:
SF:src\components\inventory\MaterialDialog.tsx
FN:21,(anonymous_1)
FN:31,(anonymous_2)
FNF:2
FNH:0
FNDA:0,(anonymous_1)
FNDA:0,(anonymous_2)
DA:1,0
DA:2,0
DA:3,0
DA:11,0
DA:21,0
DA:28,0
DA:31,0
DA:32,0
DA:34,0
DA:35,0
DA:38,0
DA:41,0
DA:70,0
LF:13
LH:0
BRDA:26,0,0,0
BRDA:34,1,0,0
BRDA:46,2,0,0
BRDA:46,2,1,0
BRDA:52,3,0,0
BRDA:52,3,1,0
BRDA:60,4,0,0
BRDA:60,4,1,0
BRF:8
BRH:0
end_of_record
TN:
SF:src\components\inventory\MaterialForm.tsx
FN:28,(anonymous_9)
FN:71,(anonymous_10)
FN:72,(anonymous_11)
FN:80,(anonymous_12)
FN:114,(anonymous_13)
FN:130,(anonymous_14)
FN:212,(anonymous_15)
FN:245,(anonymous_16)
FN:251,(anonymous_17)
FN:265,(anonymous_18)
FN:277,(anonymous_19)
FN:283,(anonymous_20)
FN:297,(anonymous_21)
FN:367,(anonymous_22)
FN:376,(anonymous_23)
FN:393,(anonymous_24)
FN:402,(anonymous_25)
FNF:17
FNH:0
FNDA:0,(anonymous_9)
FNDA:0,(anonymous_10)
FNDA:0,(anonymous_11)
FNDA:0,(anonymous_12)
FNDA:0,(anonymous_13)
FNDA:0,(anonymous_14)
FNDA:0,(anonymous_15)
FNDA:0,(anonymous_16)
FNDA:0,(anonymous_17)
FNDA:0,(anonymous_18)
FNDA:0,(anonymous_19)
FNDA:0,(anonymous_20)
FNDA:0,(anonymous_21)
FNDA:0,(anonymous_22)
FNDA:0,(anonymous_23)
FNDA:0,(anonymous_24)
FNDA:0,(anonymous_25)
DA:1,0
DA:2,0
DA:4,0
DA:5,0
DA:6,0
DA:7,0
DA:8,0
DA:9,0
DA:10,0
DA:11,0
DA:12,0
DA:14,0
DA:15,0
DA:16,0
DA:28,0
DA:34,0
DA:35,0
DA:36,0
DA:37,0
DA:38,0
DA:39,0
DA:40,0
DA:41,0
DA:50,0
DA:71,0
DA:72,0
DA:73,0
DA:75,0
DA:79,0
DA:80,0
DA:84,0
DA:90,0
DA:91,0
DA:95,0
DA:104,0
DA:105,0
DA:109,0
DA:113,0
DA:114,0
DA:117,0
DA:118,0
DA:126,0
DA:130,0
DA:131,0
DA:133,0
DA:134,0
DA:136,0
DA:137,0
DA:142,0
DA:143,0
DA:149,0
DA:153,0
DA:212,0
DA:245,0
DA:252,0
DA:265,0
DA:277,0
DA:284,0
DA:297,0
DA:367,0
DA:377,0
DA:393,0
DA:403,0
DA:518,0
LF:64
LH:0
BRDA:32,0,0,0
BRDA:53,1,0,0
BRDA:53,1,1,0
BRDA:54,2,0,0
BRDA:54,2,1,0
BRDA:55,3,0,0
BRDA:55,3,1,0
BRDA:56,4,0,0
BRDA:56,4,1,0
BRDA:57,5,0,0
BRDA:57,5,1,0
BRDA:58,6,0,0
BRDA:58,6,1,0
BRDA:59,7,0,0
BRDA:59,7,1,0
BRDA:60,8,0,0
BRDA:60,8,1,0
BRDA:61,9,0,0
BRDA:61,9,1,0
BRDA:62,10,0,0
BRDA:62,10,1,0
BRDA:63,11,0,0
BRDA:63,11,1,0
BRDA:64,12,0,0
BRDA:64,12,1,0
BRDA:65,13,0,0
BRDA:65,13,1,0
BRDA:66,14,0,0
BRDA:66,14,1,0
BRDA:79,15,0,0
BRDA:90,16,0,0
BRDA:104,17,0,0
BRDA:113,18,0,0
BRDA:120,19,0,0
BRDA:120,19,1,0
BRDA:136,20,0,0
BRDA:137,21,0,0
BRDA:137,21,1,0
BRDA:145,22,0,0
BRDA:145,22,1,0
BRDA:181,23,0,0
BRDA:181,23,1,0
BRDA:200,24,0,0
BRDA:200,24,1,0
BRDA:232,25,0,0
BRDA:232,25,1,0
BRDA:261,26,0,0
BRDA:261,26,1,0
BRDA:293,27,0,0
BRDA:293,27,1,0
BRDA:356,28,0,0
BRDA:356,28,1,0
BRDA:438,29,0,0
BRDA:438,29,1,0
BRDA:456,30,0,0
BRDA:456,30,1,0
BRDA:466,31,0,0
BRDA:466,31,1,0
BRDA:480,32,0,0
BRDA:480,32,1,0
BRDA:480,32,2,0
BRDA:507,33,0,0
BRDA:507,33,1,0
BRDA:508,34,0,0
BRDA:508,34,1,0
BRF:65
BRH:0
end_of_record
TN:
SF:src\components\inventory\MaterialsTable.tsx
FN:37,(anonymous_9)
FN:51,(anonymous_10)
FN:56,(anonymous_11)
FN:72,(anonymous_12)
FN:84,(anonymous_13)
FN:87,(anonymous_14)
FN:96,(anonymous_15)
FN:103,(anonymous_16)
FN:128,(anonymous_17)
FN:224,(anonymous_18)
FN:263,(anonymous_19)
FN:294,(anonymous_20)
FN:302,(anonymous_21)
FN:321,(anonymous_22)
FN:330,(anonymous_23)
FNF:15
FNH:0
FNDA:0,(anonymous_9)
FNDA:0,(anonymous_10)
FNDA:0,(anonymous_11)
FNDA:0,(anonymous_12)
FNDA:0,(anonymous_13)
FNDA:0,(anonymous_14)
FNDA:0,(anonymous_15)
FNDA:0,(anonymous_16)
FNDA:0,(anonymous_17)
FNDA:0,(anonymous_18)
FNDA:0,(anonymous_19)
FNDA:0,(anonymous_20)
FNDA:0,(anonymous_21)
FNDA:0,(anonymous_22)
FNDA:0,(anonymous_23)
DA:1,0
DA:2,0
DA:3,0
DA:11,0
DA:12,0
DA:13,0
DA:14,0
DA:15,0
DA:37,0
DA:48,0
DA:51,0
DA:52,0
DA:56,0
DA:57,0
DA:58,0
DA:60,0
DA:61,0
DA:63,0
DA:64,0
DA:67,0
DA:68,0
DA:72,0
DA:80,0
DA:84,0
DA:85,0
DA:87,0
DA:96,0
DA:97,0
DA:103,0
DA:104,0
DA:105,0
DA:112,0
DA:113,0
DA:129,0
DA:162,0
DA:163,0
DA:176,0
DA:225,0
DA:263,0
DA:294,0
DA:302,0
DA:321,0
DA:330,0
DA:341,0
DA:343,0
LF:45
LH:0
BRDA:63,0,0,0
BRDA:91,1,0,0
BRDA:91,1,1,0
BRDA:97,2,0,0
BRDA:97,2,1,0
BRDA:97,2,2,0
BRDA:104,3,0,0
BRDA:104,4,0,0
BRDA:104,4,1,0
BRDA:112,5,0,0
BRDA:162,6,0,0
BRDA:232,7,0,0
BRDA:232,7,1,0
BRDA:242,8,0,0
BRDA:242,8,1,0
BRDA:245,9,0,0
BRDA:245,9,1,0
BRDA:249,10,0,0
BRDA:249,10,1,0
BRDA:249,10,2,0
BRDA:254,11,0,0
BRDA:254,11,1,0
BRDA:254,11,2,0
BRDA:254,11,3,0
BRDA:273,12,0,0
BRDA:273,12,1,0
BRDA:282,13,0,0
BRDA:282,13,1,0
BRDA:316,14,0,0
BRDA:316,14,1,0
BRF:30
BRH:0
end_of_record
TN:
SF:src\components\inventory\ProjectSelector.tsx
FN:15,(anonymous_9)
FN:26,(anonymous_10)
FN:27,(anonymous_11)
FN:59,(anonymous_12)
FN:81,(anonymous_13)
FNF:5
FNH:0
FNDA:0,(anonymous_9)
FNDA:0,(anonymous_10)
FNDA:0,(anonymous_11)
FNDA:0,(anonymous_12)
FNDA:0,(anonymous_13)
DA:1,0
DA:2,0
DA:3,0
DA:4,0
DA:5,0
DA:7,0
DA:15,0
DA:20,0
DA:21,0
DA:22,0
DA:23,0
DA:26,0
DA:27,0
DA:28,0
DA:29,0
DA:30,0
DA:38,0
DA:39,0
DA:42,0
DA:44,0
DA:45,0
DA:51,0
DA:55,0
DA:59,0
DA:60,0
DA:63,0
DA:82,0
DA:93,0
DA:95,0
LF:29
LH:0
BRDA:38,0,0,0
BRDA:42,1,0,0
BRDA:42,1,1,0
BRDA:47,2,0,0
BRDA:47,2,1,0
BRDA:60,3,0,0
BRDA:60,3,1,0
BRDA:70,4,0,0
BRDA:70,4,1,0
BRF:9
BRH:0
end_of_record
TN:
SF:src\components\inventory\ReorderList.tsx
FN:31,(anonymous_9)
FN:43,(anonymous_10)
FN:63,(anonymous_11)
FN:72,(anonymous_12)
FN:77,(anonymous_13)
FN:83,(anonymous_14)
FN:91,(anonymous_15)
FN:156,(anonymous_16)
FN:209,(anonymous_17)
FNF:9
FNH:0
FNDA:0,(anonymous_9)
FNDA:0,(anonymous_10)
FNDA:0,(anonymous_11)
FNDA:0,(anonymous_12)
FNDA:0,(anonymous_13)
FNDA:0,(anonymous_14)
FNDA:0,(anonymous_15)
FNDA:0,(anonymous_16)
FNDA:0,(anonymous_17)
DA:1,0
DA:2,0
DA:3,0
DA:11,0
DA:19,0
DA:20,0
DA:21,0
DA:31,0
DA:37,0
DA:38,0
DA:39,0
DA:40,0
DA:43,0
DA:44,0
DA:45,0
DA:47,0
DA:48,0
DA:50,0
DA:51,0
DA:53,0
DA:56,0
DA:58,0
DA:63,0
DA:64,0
DA:65,0
DA:67,0
DA:72,0
DA:73,0
DA:77,0
DA:78,0
DA:79,0
DA:83,0
DA:84,0
DA:91,0
DA:92,0
DA:93,0
DA:97,0
DA:157,0
DA:209,0
DA:237,0
LF:40
LH:0
BRDA:50,0,0,0
BRDA:50,0,1,0
BRDA:50,1,0,0
BRDA:50,1,1,0
BRDA:53,2,0,0
BRDA:53,2,1,0
BRDA:56,3,0,0
BRDA:56,3,1,0
BRDA:78,4,0,0
BRDA:78,4,1,0
BRDA:78,5,0,0
BRDA:78,5,1,0
BRDA:92,6,0,0
BRDA:110,7,0,0
BRDA:110,7,1,0
BRDA:117,8,0,0
BRDA:117,8,1,0
BRDA:131,9,0,0
BRDA:131,9,1,0
BRDA:161,10,0,0
BRDA:161,10,1,0
BRDA:181,11,0,0
BRDA:181,11,1,0
BRDA:184,12,0,0
BRDA:184,12,1,0
BRDA:184,13,0,0
BRDA:184,13,1,0
BRF:27
BRH:0
end_of_record
TN:
SF:src\components\inventory\SupplierAnnouncementList.tsx
FN:63,(anonymous_9)
FN:76,(anonymous_10)
FN:85,(anonymous_11)
FN:103,(anonymous_12)
FN:135,(anonymous_13)
FN:140,(anonymous_14)
FN:153,(anonymous_15)
FN:154,(anonymous_16)
FN:160,(anonymous_17)
FN:190,(anonymous_18)
FN:201,(anonymous_19)
FN:234,(anonymous_20)
FN:240,(anonymous_21)
FN:267,(anonymous_22)
FN:347,(anonymous_23)
FN:360,(anonymous_24)
FN:381,(anonymous_25)
FN:397,(anonymous_26)
FN:447,(anonymous_27)
FN:468,(anonymous_28)
FN:476,(anonymous_29)
FN:492,(anonymous_30)
FN:506,(anonymous_31)
FNF:23
FNH:0
FNDA:0,(anonymous_9)
FNDA:0,(anonymous_10)
FNDA:0,(anonymous_11)
FNDA:0,(anonymous_12)
FNDA:0,(anonymous_13)
FNDA:0,(anonymous_14)
FNDA:0,(anonymous_15)
FNDA:0,(anonymous_16)
FNDA:0,(anonymous_17)
FNDA:0,(anonymous_18)
FNDA:0,(anonymous_19)
FNDA:0,(anonymous_20)
FNDA:0,(anonymous_21)
FNDA:0,(anonymous_22)
FNDA:0,(anonymous_23)
FNDA:0,(anonymous_24)
FNDA:0,(anonymous_25)
FNDA:0,(anonymous_26)
FNDA:0,(anonymous_27)
FNDA:0,(anonymous_28)
FNDA:0,(anonymous_29)
FNDA:0,(anonymous_30)
FNDA:0,(anonymous_31)
DA:1,0
DA:2,0
DA:3,0
DA:4,0
DA:5,0
DA:6,0
DA:7,0
DA:8,0
DA:16,0
DA:24,0
DA:35,0
DA:36,0
DA:63,0
DA:67,0
DA:68,0
DA:69,0
DA:70,0
DA:71,0
DA:73,0
DA:74,0
DA:76,0
DA:77,0
DA:78,0
DA:80,0
DA:81,0
DA:85,0
DA:86,0
DA:88,0
DA:89,0
DA:92,0
DA:98,0
DA:100,0
DA:102,0
DA:104,0
DA:109,0
DA:111,0
DA:118,0
DA:121,0
DA:122,0
DA:131,0
DA:135,0
DA:136,0
DA:137,0
DA:140,0
DA:144,0
DA:145,0
DA:150,0
DA:153,0
DA:154,0
DA:155,0
DA:159,0
DA:160,0
DA:161,0
DA:165,0
DA:178,0
DA:179,0
DA:190,0
DA:191,0
DA:192,0
DA:193,0
DA:194,0
DA:195,0
DA:196,0
DA:198,0
DA:201,0
DA:202,0
DA:204,0
DA:211,0
DA:218,0
DA:225,0
DA:234,0
DA:235,0
DA:236,0
DA:237,0
DA:240,0
DA:241,0
DA:242,0
DA:246,0
DA:249,0
DA:250,0
DA:251,0
DA:252,0
DA:253,0
DA:254,0
DA:255,0
DA:256,0
DA:258,0
DA:259,0
DA:267,0
DA:268,0
DA:270,0
DA:271,0
DA:275,0
DA:276,0
DA:277,0
DA:281,0
DA:284,0
DA:285,0
DA:293,0
DA:348,0
DA:361,0
DA:381,0
DA:398,0
DA:399,0
DA:448,0
DA:468,0
DA:476,0
DA:493,0
DA:507,0
DA:531,0
LF:110
LH:0
BRDA:77,0,0,0
BRDA:77,0,1,0
BRDA:86,1,0,0
BRDA:98,2,0,0
BRDA:100,3,0,0
BRDA:109,4,0,0
BRDA:113,5,0,0
BRDA:113,5,1,0
BRDA:150,6,0,0
BRDA:155,7,0,0
BRDA:155,7,1,0
BRDA:159,8,0,0
BRDA:161,9,0,0
BRDA:161,9,1,0
BRDA:167,10,0,0
BRDA:167,10,1,0
BRDA:191,11,0,0
BRDA:191,11,1,0
BRDA:193,12,0,0
BRDA:193,12,1,0
BRDA:195,13,0,0
BRDA:202,14,0,0
BRDA:202,14,1,0
BRDA:202,14,2,0
BRDA:202,14,3,0
BRDA:235,15,0,0
BRDA:235,15,1,0
BRDA:236,16,0,0
BRDA:236,16,1,0
BRDA:246,17,0,0
BRDA:270,18,0,0
BRDA:270,18,1,0
BRDA:275,19,0,0
BRDA:276,20,0,0
BRDA:304,21,0,0
BRDA:304,21,1,0
BRDA:310,22,0,0
BRDA:310,22,1,0
BRDA:313,23,0,0
BRDA:313,23,1,0
BRDA:369,24,0,0
BRDA:369,24,1,0
BRDA:369,25,0,0
BRDA:369,25,1,0
BRDA:371,26,0,0
BRDA:371,26,1,0
BRDA:399,27,0,0
BRDA:403,28,0,0
BRDA:403,28,1,0
BRDA:431,29,0,0
BRDA:431,29,1,0
BRDA:488,30,0,0
BRDA:488,30,1,0
BRDA:488,30,2,0
BRF:54
BRH:0
end_of_record
TN:
SF:src\components\inventory\SupplierAnnouncementUpload.tsx
FN:31,(anonymous_9)
FN:43,(anonymous_10)
FN:55,(anonymous_11)
FN:61,(anonymous_12)
FN:67,(anonymous_13)
FN:92,(anonymous_14)
FN:93,(anonymous_15)
FN:96,(anonymous_16)
FN:232,(anonymous_17)
FN:245,(anonymous_18)
FN:279,(anonymous_19)
FN:296,(anonymous_20)
FN:312,(anonymous_21)
FN:348,(anonymous_22)
FN:368,(anonymous_23)
FN:381,(anonymous_24)
FNF:16
FNH:0
FNDA:0,(anonymous_9)
FNDA:0,(anonymous_10)
FNDA:0,(anonymous_11)
FNDA:0,(anonymous_12)
FNDA:0,(anonymous_13)
FNDA:0,(anonymous_14)
FNDA:0,(anonymous_15)
FNDA:0,(anonymous_16)
FNDA:0,(anonymous_17)
FNDA:0,(anonymous_18)
FNDA:0,(anonymous_19)
FNDA:0,(anonymous_20)
FNDA:0,(anonymous_21)
FNDA:0,(anonymous_22)
FNDA:0,(anonymous_23)
FNDA:0,(anonymous_24)
DA:1,0
DA:2,0
DA:3,0
DA:4,0
DA:5,0
DA:6,0
DA:7,0
DA:8,0
DA:9,0
DA:10,0
DA:31,0
DA:35,0
DA:36,0
DA:37,0
DA:38,0
DA:39,0
DA:40,0
DA:41,0
DA:43,0
DA:44,0
DA:45,0
DA:46,0
DA:47,0
DA:48,0
DA:49,0
DA:50,0
DA:52,0
DA:55,0
DA:56,0
DA:57,0
DA:58,0
DA:61,0
DA:62,0
DA:63,0
DA:65,0
DA:67,0
DA:68,0
DA:69,0
DA:71,0
DA:72,0
DA:75,0
DA:87,0
DA:89,0
DA:92,0
DA:93,0
DA:96,0
DA:97,0
DA:98,0
DA:106,0
DA:109,0
DA:110,0
DA:118,0
DA:121,0
DA:122,0
DA:130,0
DA:133,0
DA:135,0
DA:137,0
DA:150,0
DA:153,0
DA:154,0
DA:155,0
DA:156,0
DA:157,0
DA:159,0
DA:161,0
DA:162,0
DA:166,0
DA:169,0
DA:181,0
DA:184,0
DA:189,0
DA:191,0
DA:192,0
DA:197,0
DA:201,0
DA:213,0
DA:214,0
DA:215,0
DA:216,0
DA:218,0
DA:219,0
DA:228,0
DA:232,0
DA:233,0
DA:235,0
DA:237,0
DA:239,0
DA:241,0
DA:245,0
DA:246,0
DA:247,0
DA:251,0
DA:261,0
DA:279,0
DA:296,0
DA:312,0
DA:349,0
DA:369,0
DA:370,0
DA:382,0
DA:383,0
DA:423,0
LF:103
LH:0
BRDA:44,0,0,0
BRDA:44,0,1,0
BRDA:45,1,0,0
BRDA:45,1,1,0
BRDA:47,2,0,0
BRDA:47,2,1,0
BRDA:49,3,0,0
BRDA:56,4,0,0
BRDA:56,4,1,0
BRDA:57,5,0,0
BRDA:57,5,1,0
BRDA:63,6,0,0
BRDA:63,7,0,0
BRDA:63,7,1,0
BRDA:71,8,0,0
BRDA:97,9,0,0
BRDA:109,10,0,0
BRDA:121,11,0,0
BRDA:150,12,0,0
BRDA:166,13,0,0
BRDA:181,14,0,0
BRDA:195,15,0,0
BRDA:195,15,1,0
BRDA:233,16,0,0
BRDA:233,16,1,0
BRDA:233,16,2,0
BRDA:233,16,3,0
BRDA:246,17,0,0
BRDA:246,17,1,0
BRDA:246,18,0,0
BRDA:246,18,1,0
BRDA:339,19,0,0
BRDA:339,19,1,0
BRDA:363,20,0,0
BRDA:363,20,1,0
BRDA:400,21,0,0
BRDA:400,21,1,0
BRDA:400,21,2,0
BRDA:403,22,0,0
BRDA:403,22,1,0
BRF:40
BRH:0
end_of_record
TN:
SF:src\components\inventory\VirtualizedMaterialsTable.tsx
FN:38,(anonymous_9)
FN:53,(anonymous_10)
FN:58,(anonymous_11)
FN:74,(anonymous_12)
FN:90,(anonymous_13)
FN:93,(anonymous_14)
FN:102,(anonymous_15)
FN:109,(anonymous_16)
FN:134,(anonymous_17)
FN:248,(anonymous_18)
FN:292,(anonymous_19)
FN:323,(anonymous_20)
FN:331,(anonymous_21)
FN:353,(anonymous_22)
FN:362,(anonymous_23)
FNF:15
FNH:0
FNDA:0,(anonymous_9)
FNDA:0,(anonymous_10)
FNDA:0,(anonymous_11)
FNDA:0,(anonymous_12)
FNDA:0,(anonymous_13)
FNDA:0,(anonymous_14)
FNDA:0,(anonymous_15)
FNDA:0,(anonymous_16)
FNDA:0,(anonymous_17)
FNDA:0,(anonymous_18)
FNDA:0,(anonymous_19)
FNDA:0,(anonymous_20)
FNDA:0,(anonymous_21)
FNDA:0,(anonymous_22)
FNDA:0,(anonymous_23)
DA:1,0
DA:2,0
DA:3,0
DA:4,0
DA:12,0
DA:13,0
DA:14,0
DA:15,0
DA:16,0
DA:38,0
DA:49,0
DA:50,0
DA:53,0
DA:54,0
DA:58,0
DA:59,0
DA:60,0
DA:62,0
DA:63,0
DA:65,0
DA:66,0
DA:69,0
DA:70,0
DA:74,0
DA:82,0
DA:86,0
DA:87,0
DA:90,0
DA:91,0
DA:93,0
DA:102,0
DA:103,0
DA:109,0
DA:110,0
DA:111,0
DA:118,0
DA:119,0
DA:135,0
DA:168,0
DA:169,0
DA:182,0
DA:249,0
DA:250,0
DA:292,0
DA:323,0
DA:331,0
DA:353,0
DA:362,0
DA:373,0
DA:375,0
LF:50
LH:0
BRDA:65,0,0,0
BRDA:97,1,0,0
BRDA:97,1,1,0
BRDA:103,2,0,0
BRDA:103,2,1,0
BRDA:103,2,2,0
BRDA:110,3,0,0
BRDA:110,4,0,0
BRDA:110,4,1,0
BRDA:118,5,0,0
BRDA:168,6,0,0
BRDA:261,7,0,0
BRDA:261,7,1,0
BRDA:271,8,0,0
BRDA:271,8,1,0
BRDA:274,9,0,0
BRDA:274,9,1,0
BRDA:278,10,0,0
BRDA:278,10,1,0
BRDA:278,10,2,0
BRDA:283,11,0,0
BRDA:283,11,1,0
BRDA:283,11,2,0
BRDA:283,11,3,0
BRDA:302,12,0,0
BRDA:302,12,1,0
BRDA:311,13,0,0
BRDA:311,13,1,0
BRDA:348,14,0,0
BRDA:348,14,1,0
BRF:30
BRH:0
end_of_record
TN:
SF:src\components\inventory\columns.tsx
FN:54,(anonymous_1)
FN:68,(anonymous_2)
FN:71,(anonymous_3)
FN:77,(anonymous_4)
FN:82,(anonymous_5)
FN:98,(anonymous_6)
FN:123,(anonymous_7)
FN:127,(anonymous_8)
FN:134,(anonymous_9)
FN:141,(anonymous_10)
FN:145,(anonymous_11)
FN:152,(anonymous_12)
FN:175,(anonymous_13)
FN:178,(anonymous_14)
FN:202,(anonymous_15)
FN:214,(anonymous_16)
FN:223,(anonymous_17)
FN:232,(anonymous_18)
FN:245,(anonymous_19)
FNF:19
FNH:0
FNDA:0,(anonymous_1)
FNDA:0,(anonymous_2)
FNDA:0,(anonymous_3)
FNDA:0,(anonymous_4)
FNDA:0,(anonymous_5)
FNDA:0,(anonymous_6)
FNDA:0,(anonymous_7)
FNDA:0,(anonymous_8)
FNDA:0,(anonymous_9)
FNDA:0,(anonymous_10)
FNDA:0,(anonymous_11)
FNDA:0,(anonymous_12)
FNDA:0,(anonymous_13)
FNDA:0,(anonymous_14)
FNDA:0,(anonymous_15)
FNDA:0,(anonymous_16)
FNDA:0,(anonymous_17)
FNDA:0,(anonymous_18)
FNDA:0,(anonymous_19)
DA:4,0
DA:5,0
DA:6,0
DA:14,0
DA:54,0
DA:65,0
DA:69,0
DA:71,0
DA:78,0
DA:79,0
DA:82,0
DA:99,0
DA:100,0
DA:124,0
DA:127,0
DA:135,0
DA:136,0
DA:142,0
DA:145,0
DA:153,0
DA:154,0
DA:155,0
DA:156,0
DA:176,0
DA:179,0
DA:180,0
DA:203,0
DA:204,0
DA:205,0
DA:215,0
DA:216,0
DA:224,0
DA:225,0
DA:233,0
DA:234,0
DA:246,0
DA:247,0
DA:266,0
LF:38
LH:0
BRDA:84,0,0,0
BRDA:84,0,1,0
BRDA:100,1,0,0
BRDA:100,1,1,0
BRDA:154,2,0,0
BRDA:154,2,1,0
BRDA:155,3,0,0
BRDA:155,3,1,0
BRDA:158,4,0,0
BRDA:158,4,1,0
BRDA:240,5,0,0
BRDA:240,5,1,0
BRDA:240,6,0,0
BRDA:240,6,1,0
BRF:14
BRH:0
end_of_record
TN:
SF:src\components\inventory\data-table.tsx
FN:46,DataTable
FN:84,(anonymous_10)
FN:97,(anonymous_11)
FN:110,(anonymous_12)
FN:123,(anonymous_13)
FN:124,(anonymous_14)
FN:146,(anonymous_15)
FN:147,(anonymous_16)
FN:153,(anonymous_17)
FN:174,(anonymous_18)
FN:246,(anonymous_19)
FN:248,(anonymous_20)
FN:265,(anonymous_21)
FN:271,(anonymous_22)
FN:284,(anonymous_23)
FN:314,(anonymous_24)
FN:322,(anonymous_25)
FNF:17
FNH:0
FNDA:0,DataTable
FNDA:0,(anonymous_10)
FNDA:0,(anonymous_11)
FNDA:0,(anonymous_12)
FNDA:0,(anonymous_13)
FNDA:0,(anonymous_14)
FNDA:0,(anonymous_15)
FNDA:0,(anonymous_16)
FNDA:0,(anonymous_17)
FNDA:0,(anonymous_18)
FNDA:0,(anonymous_19)
FNDA:0,(anonymous_20)
FNDA:0,(anonymous_21)
FNDA:0,(anonymous_22)
FNDA:0,(anonymous_23)
FNDA:0,(anonymous_24)
FNDA:0,(anonymous_25)
DA:3,0
DA:4,0
DA:17,0
DA:25,0
DA:26,0
DA:27,0
DA:33,0
DA:46,0
DA:52,0
DA:53,0
DA:54,0
DA:55,0
DA:57,0
DA:76,0
DA:85,0
DA:98,0
DA:111,0
DA:124,0
DA:125,0
DA:126,0
DA:146,0
DA:148,0
DA:154,0
DA:247,0
DA:249,0
DA:266,0
DA:275,0
DA:276,0
DA:280,0
DA:285,0
DA:314,0
DA:322,0
LF:32
LH:0
BRDA:83,0,0,0
BRDA:83,0,1,0
BRDA:91,1,0,0
BRDA:91,1,1,0
BRDA:95,2,0,0
BRDA:95,2,1,0
BRDA:104,3,0,0
BRDA:104,3,1,0
BRDA:108,4,0,0
BRDA:108,4,1,0
BRDA:125,5,0,0
BRDA:251,6,0,0
BRDA:251,6,1,0
BRDA:264,7,0,0
BRDA:264,7,1,0
BRDA:268,8,0,0
BRDA:268,8,1,0
BRDA:270,9,0,0
BRDA:270,9,1,0
BRDA:270,10,0,0
BRDA:270,10,1,0
BRDA:276,11,0,0
BRDA:277,12,0,0
BRDA:277,12,1,0
BRF:24
BRH:0
end_of_record
TN:
SF:src\components\inventory\optimized-data-table.tsx
FN:44,OptimizedDataTable
FN:56,(anonymous_10)
FN:57,(anonymous_11)
FN:60,(anonymous_12)
FN:65,(anonymous_13)
FN:92,(anonymous_14)
FN:93,(anonymous_15)
FN:115,(anonymous_16)
FN:116,(anonymous_17)
FN:122,(anonymous_18)
FN:137,(anonymous_19)
FN:139,(anonymous_20)
FN:156,(anonymous_21)
FN:162,(anonymous_22)
FNF:14
FNH:0
FNDA:0,OptimizedDataTable
FNDA:0,(anonymous_10)
FNDA:0,(anonymous_11)
FNDA:0,(anonymous_12)
FNDA:0,(anonymous_13)
FNDA:0,(anonymous_14)
FNDA:0,(anonymous_15)
FNDA:0,(anonymous_16)
FNDA:0,(anonymous_17)
FNDA:0,(anonymous_18)
FNDA:0,(anonymous_19)
FNDA:0,(anonymous_20)
FNDA:0,(anonymous_21)
FNDA:0,(anonymous_22)
DA:3,0
DA:4,0
DA:17,0
DA:25,0
DA:26,0
DA:27,0
DA:33,0
DA:36,0
DA:44,0
DA:49,0
DA:50,0
DA:51,0
DA:52,0
DA:53,0
DA:56,0
DA:57,0
DA:60,0
DA:61,0
DA:65,0
DA:66,0
DA:67,0
DA:68,0
DA:72,0
DA:92,0
DA:93,0
DA:95,0
DA:115,0
DA:117,0
DA:123,0
DA:138,0
DA:140,0
DA:157,0
DA:163,0
DA:203,0
LF:34
LH:0
BRDA:142,0,0,0
BRDA:142,0,1,0
BRDA:155,1,0,0
BRDA:155,1,1,0
BRDA:159,2,0,0
BRDA:159,2,1,0
BRF:6
BRH:0
end_of_record
TN:
SF:src\components\layout\AppLayout.tsx
FN:18,(anonymous_10)
FN:29,(anonymous_11)
FN:41,(anonymous_12)
FN:50,(anonymous_13)
FN:72,(anonymous_14)
FN:73,(anonymous_15)
FN:77,(anonymous_16)
FN:99,(anonymous_17)
FN:100,(anonymous_18)
FN:110,(anonymous_19)
FN:116,(anonymous_20)
FN:134,(anonymous_21)
FN:142,(anonymous_22)
FN:186,(anonymous_23)
FNF:14
FNH:0
FNDA:0,(anonymous_10)
FNDA:0,(anonymous_11)
FNDA:0,(anonymous_12)
FNDA:0,(anonymous_13)
FNDA:0,(anonymous_14)
FNDA:0,(anonymous_15)
FNDA:0,(anonymous_16)
FNDA:0,(anonymous_17)
FNDA:0,(anonymous_18)
FNDA:0,(anonymous_19)
FNDA:0,(anonymous_20)
FNDA:0,(anonymous_21)
FNDA:0,(anonymous_22)
FNDA:0,(anonymous_23)
DA:1,0
DA:2,0
DA:3,0
DA:4,0
DA:5,0
DA:6,0
DA:7,0
DA:8,0
DA:9,0
DA:10,0
DA:11,0
DA:12,0
DA:13,0
DA:14,0
DA:15,0
DA:16,0
DA:18,0
DA:19,0
DA:20,0
DA:21,0
DA:22,0
DA:23,0
DA:26,0
DA:29,0
DA:31,0
DA:34,0
DA:37,0
DA:38,0
DA:41,0
DA:47,0
DA:50,0
DA:53,0
DA:54,0
DA:55,0
DA:57,0
DA:59,0
DA:60,0
DA:61,0
DA:64,0
DA:66,0
DA:72,0
DA:73,0
DA:77,0
DA:78,0
DA:84,0
DA:85,0
DA:96,0
DA:99,0
DA:100,0
DA:101,0
DA:103,0
DA:107,0
DA:110,0
DA:111,0
DA:116,0
DA:118,0
DA:119,0
DA:121,0
DA:122,0
DA:123,0
DA:124,0
DA:125,0
DA:126,0
DA:129,0
DA:131,0
DA:134,0
DA:136,0
DA:142,0
DA:143,0
DA:144,0
DA:145,0
DA:149,0
DA:152,0
DA:154,0
DA:155,0
DA:159,0
DA:165,0
DA:166,0
DA:177,0
DA:178,0
DA:179,0
DA:182,0
DA:186,0
DA:242,0
LF:84
LH:0
BRDA:37,0,0,0
BRDA:57,1,0,0
BRDA:57,2,0,0
BRDA:57,2,1,0
BRDA:59,3,0,0
BRDA:59,4,0,0
BRDA:59,4,1,0
BRDA:84,5,0,0
BRDA:118,6,0,0
BRDA:118,7,0,0
BRDA:118,7,1,0
BRDA:122,8,0,0
BRDA:122,8,1,0
BRDA:123,9,0,0
BRDA:125,10,0,0
BRDA:125,10,1,0
BRDA:125,11,0,0
BRDA:125,11,1,0
BRDA:129,12,0,0
BRDA:143,13,0,0
BRDA:165,14,0,0
BRDA:177,15,0,0
BRDA:185,16,0,0
BRDA:185,16,1,0
BRDA:194,17,0,0
BRDA:194,17,1,0
BRDA:201,18,0,0
BRDA:201,18,1,0
BRF:28
BRH:0
end_of_record
TN:
SF:src\components\layout\Footer.tsx
FN:19,(anonymous_1)
FNF:1
FNH:0
FNDA:0,(anonymous_1)
DA:1,0
DA:2,0
DA:3,0
DA:4,0
DA:13,0
DA:19,0
DA:20,0
DA:22,0
DA:218,0
LF:9
LH:0
BRDA:19,0,0,0
BRF:1
BRH:0
end_of_record
TN:
SF:src\components\layout\LanguageSwitcher.tsx
FN:36,(anonymous_1)
FN:39,(anonymous_2)
FN:72,(anonymous_3)
FN:75,(anonymous_4)
FNF:4
FNH:0
FNDA:0,(anonymous_1)
FNDA:0,(anonymous_2)
FNDA:0,(anonymous_3)
FNDA:0,(anonymous_4)
DA:1,0
DA:2,0
DA:4,0
DA:17,0
DA:20,0
DA:27,0
DA:36,0
DA:37,0
DA:39,0
DA:41,0
DA:42,0
DA:44,0
DA:49,0
DA:50,0
DA:52,0
DA:73,0
DA:75,0
DA:88,0
LF:18
LH:0
BRDA:41,0,0,0
BRDA:41,0,1,0
BRDA:41,1,0,0
BRDA:41,1,1,0
BRDA:49,2,0,0
BRDA:49,2,1,0
BRDA:50,3,0,0
BRDA:50,3,1,0
BRDA:76,4,0,0
BRDA:76,4,1,0
BRF:10
BRH:0
end_of_record
TN:
SF:src\components\layout\ModernNavbar.tsx
FN:57,(anonymous_1)
FN:72,(anonymous_2)
FN:73,(anonymous_3)
FN:77,(anonymous_4)
FN:170,(anonymous_5)
FN:174,(anonymous_6)
FN:180,(anonymous_7)
FN:290,(anonymous_8)
FN:316,(anonymous_9)
FN:345,(anonymous_10)
FN:348,(anonymous_11)
FN:383,(anonymous_12)
FN:398,(anonymous_13)
FN:473,(anonymous_14)
FN:480,(anonymous_15)
FN:502,(anonymous_16)
FN:511,(anonymous_17)
FN:550,(anonymous_18)
FN:564,(anonymous_19)
FN:580,(anonymous_20)
FN:594,(anonymous_21)
FN:603,(anonymous_22)
FN:611,(anonymous_23)
FN:625,(anonymous_24)
FN:656,(anonymous_25)
FN:663,(anonymous_26)
FN:673,(anonymous_27)
FNF:27
FNH:0
FNDA:0,(anonymous_1)
FNDA:0,(anonymous_2)
FNDA:0,(anonymous_3)
FNDA:0,(anonymous_4)
FNDA:0,(anonymous_5)
FNDA:0,(anonymous_6)
FNDA:0,(anonymous_7)
FNDA:0,(anonymous_8)
FNDA:0,(anonymous_9)
FNDA:0,(anonymous_10)
FNDA:0,(anonymous_11)
FNDA:0,(anonymous_12)
FNDA:0,(anonymous_13)
FNDA:0,(anonymous_14)
FNDA:0,(anonymous_15)
FNDA:0,(anonymous_16)
FNDA:0,(anonymous_17)
FNDA:0,(anonymous_18)
FNDA:0,(anonymous_19)
FNDA:0,(anonymous_20)
FNDA:0,(anonymous_21)
FNDA:0,(anonymous_22)
FNDA:0,(anonymous_23)
FNDA:0,(anonymous_24)
FNDA:0,(anonymous_25)
FNDA:0,(anonymous_26)
FNDA:0,(anonymous_27)
DA:1,0
DA:2,0
DA:3,0
DA:34,0
DA:36,0
DA:37,0
DA:44,0
DA:45,0
DA:46,0
DA:47,0
DA:48,0
DA:49,0
DA:57,0
DA:62,0
DA:63,0
DA:64,0
DA:65,0
DA:66,0
DA:67,0
DA:68,0
DA:69,0
DA:72,0
DA:73,0
DA:74,0
DA:76,0
DA:77,0
DA:81,0
DA:90,0
DA:118,0
DA:170,0
DA:171,0
DA:174,0
DA:175,0
DA:176,0
DA:180,0
DA:181,0
DA:185,0
DA:198,0
DA:207,0
DA:220,0
DA:242,0
DA:248,0
DA:291,0
DA:317,0
DA:346,0
DA:349,0
DA:350,0
DA:384,0
DA:398,0
DA:473,0
DA:480,0
DA:502,0
DA:511,0
DA:551,0
DA:564,0
DA:581,0
DA:594,0
DA:604,0
DA:612,0
DA:625,0
DA:656,0
DA:664,0
DA:665,0
DA:674,0
DA:675,0
DA:697,0
LF:66
LH:0
BRDA:58,0,0,0
BRDA:59,1,0,0
BRDA:60,2,0,0
BRDA:257,3,0,0
BRDA:257,3,1,0
BRDA:289,4,0,0
BRDA:289,4,1,0
BRDA:301,5,0,0
BRDA:301,5,1,0
BRDA:306,6,0,0
BRDA:306,6,1,0
BRDA:313,7,0,0
BRDA:313,7,1,0
BRDA:327,8,0,0
BRDA:327,8,1,0
BRDA:332,9,0,0
BRDA:332,9,1,0
BRDA:349,10,0,0
BRDA:349,10,1,0
BRDA:358,11,0,0
BRDA:358,11,1,0
BRDA:367,12,0,0
BRDA:367,12,1,0
BRDA:370,13,0,0
BRDA:370,13,1,0
BRDA:394,14,0,0
BRDA:394,14,1,0
BRDA:400,15,0,0
BRDA:400,15,1,0
BRDA:422,16,0,0
BRDA:422,16,1,0
BRDA:526,17,0,0
BRDA:526,17,1,0
BRDA:539,18,0,0
BRDA:539,18,1,0
BRDA:549,19,0,0
BRDA:549,19,1,0
BRDA:560,20,0,0
BRDA:560,20,1,0
BRDA:566,21,0,0
BRDA:566,21,1,0
BRDA:572,22,0,0
BRDA:572,22,1,0
BRDA:590,23,0,0
BRDA:590,23,1,0
BRDA:596,24,0,0
BRDA:596,24,1,0
BRDA:607,25,0,0
BRDA:607,25,1,0
BRDA:621,26,0,0
BRDA:621,26,1,0
BRDA:627,27,0,0
BRDA:627,27,1,0
BRF:53
BRH:0
end_of_record
TN:
SF:src\components\layout\Navbar.tsx
FN:45,(anonymous_9)
FN:73,(anonymous_10)
FN:81,(anonymous_11)
FN:86,(anonymous_12)
FN:107,(anonymous_13)
FN:119,(anonymous_14)
FN:130,(anonymous_15)
FN:131,(anonymous_16)
FN:141,(anonymous_17)
FN:175,(anonymous_18)
FN:217,(anonymous_19)
FN:225,(anonymous_20)
FNF:12
FNH:0
FNDA:0,(anonymous_9)
FNDA:0,(anonymous_10)
FNDA:0,(anonymous_11)
FNDA:0,(anonymous_12)
FNDA:0,(anonymous_13)
FNDA:0,(anonymous_14)
FNDA:0,(anonymous_15)
FNDA:0,(anonymous_16)
FNDA:0,(anonymous_17)
FNDA:0,(anonymous_18)
FNDA:0,(anonymous_19)
FNDA:0,(anonymous_20)
DA:1,0
DA:2,0
DA:3,0
DA:19,0
DA:20,0
DA:27,0
DA:31,0
DA:32,0
DA:33,0
DA:34,0
DA:36,0
DA:37,0
DA:38,0
DA:39,0
DA:45,0
DA:46,0
DA:47,0
DA:48,0
DA:49,0
DA:50,0
DA:51,0
DA:52,0
DA:53,0
DA:54,0
DA:55,0
DA:73,0
DA:74,0
DA:76,0
DA:79,0
DA:81,0
DA:86,0
DA:87,0
DA:89,0
DA:91,0
DA:99,0
DA:102,0
DA:103,0
DA:107,0
DA:108,0
DA:109,0
DA:115,0
DA:119,0
DA:120,0
DA:121,0
DA:130,0
DA:131,0
DA:132,0
DA:141,0
DA:143,0
DA:175,0
DA:217,0
DA:225,0
DA:246,0
LF:53
LH:0
BRDA:76,0,0,0
BRDA:89,1,0,0
BRDA:124,2,0,0
BRDA:124,2,1,0
BRDA:193,3,0,0
BRDA:193,3,1,0
BRDA:193,3,2,0
BRDA:194,4,0,0
BRDA:194,4,1,0
BRDA:194,4,2,0
BRDA:197,5,0,0
BRDA:197,5,1,0
BRDA:197,5,2,0
BRDA:201,6,0,0
BRDA:201,6,1,0
BRDA:201,6,2,0
BRDA:209,7,0,0
BRDA:209,7,1,0
BRDA:209,7,2,0
BRDA:211,8,0,0
BRDA:211,8,1,0
BRDA:211,8,2,0
BRF:22
BRH:0
end_of_record
TN:
SF:src\components\layout\SettingsModal.tsx
FN:23,(anonymous_9)
FN:30,(anonymous_10)
FN:105,(anonymous_11)
FN:146,(anonymous_12)
FN:227,(anonymous_13)
FNF:5
FNH:0
FNDA:0,(anonymous_9)
FNDA:0,(anonymous_10)
FNDA:0,(anonymous_11)
FNDA:0,(anonymous_12)
FNDA:0,(anonymous_13)
DA:1,0
DA:2,0
DA:10,0
DA:11,0
DA:12,0
DA:13,0
DA:14,0
DA:15,0
DA:16,0
DA:23,0
DA:24,0
DA:25,0
DA:26,0
DA:27,0
DA:28,0
DA:30,0
DA:32,0
DA:40,0
DA:41,0
DA:42,0
DA:43,0
DA:44,0
DA:45,0
DA:48,0
DA:51,0
DA:52,0
DA:53,0
DA:55,0
DA:56,0
DA:60,0
DA:63,0
DA:106,0
DA:146,0
DA:227,0
DA:237,0
LF:35
LH:0
BRDA:40,0,0,0
BRDA:40,0,1,0
BRDA:43,1,0,0
BRDA:43,1,1,0
BRDA:51,2,0,0
BRDA:51,2,1,0
BRF:6
BRH:0
end_of_record
TN:
SF:src\components\layout\Sidebar.tsx
FN:68,(anonymous_9)
FN:86,(anonymous_10)
FN:174,(anonymous_11)
FN:177,(anonymous_12)
FN:178,(anonymous_13)
FN:185,(anonymous_14)
FN:197,(anonymous_15)
FN:198,(anonymous_16)
FN:199,(anonymous_17)
FN:201,(anonymous_18)
FN:232,(anonymous_19)
FN:272,(anonymous_20)
FN:277,(anonymous_21)
FN:297,(anonymous_22)
FN:320,(anonymous_23)
FN:402,(anonymous_24)
FN:427,(anonymous_25)
FN:452,(anonymous_26)
FN:481,(anonymous_27)
FN:505,(anonymous_28)
FN:529,(anonymous_29)
FN:552,(anonymous_30)
FNF:22
FNH:0
FNDA:0,(anonymous_9)
FNDA:0,(anonymous_10)
FNDA:0,(anonymous_11)
FNDA:0,(anonymous_12)
FNDA:0,(anonymous_13)
FNDA:0,(anonymous_14)
FNDA:0,(anonymous_15)
FNDA:0,(anonymous_16)
FNDA:0,(anonymous_17)
FNDA:0,(anonymous_18)
FNDA:0,(anonymous_19)
FNDA:0,(anonymous_20)
FNDA:0,(anonymous_21)
FNDA:0,(anonymous_22)
FNDA:0,(anonymous_23)
FNDA:0,(anonymous_24)
FNDA:0,(anonymous_25)
FNDA:0,(anonymous_26)
FNDA:0,(anonymous_27)
FNDA:0,(anonymous_28)
FNDA:0,(anonymous_29)
FNDA:0,(anonymous_30)
DA:1,0
DA:2,0
DA:3,0
DA:4,0
DA:5,0
DA:6,0
DA:7,0
DA:13,0
DA:41,0
DA:42,0
DA:43,0
DA:44,0
DA:46,0
DA:68,0
DA:69,0
DA:70,0
DA:71,0
DA:72,0
DA:73,0
DA:74,0
DA:77,0
DA:78,0
DA:79,0
DA:86,0
DA:174,0
DA:177,0
DA:178,0
DA:185,0
DA:186,0
DA:187,0
DA:193,0
DA:197,0
DA:198,0
DA:199,0
DA:200,0
DA:201,0
DA:209,0
DA:232,0
DA:273,0
DA:277,0
DA:297,0
DA:321,0
DA:402,0
DA:427,0
DA:452,0
DA:481,0
DA:505,0
DA:529,0
DA:552,0
DA:595,0
LF:50
LH:0
BRDA:200,0,0,0
BRDA:213,1,0,0
BRDA:213,1,1,0
BRDA:218,2,0,0
BRDA:218,2,1,0
BRDA:235,3,0,0
BRDA:235,3,1,0
BRDA:244,4,0,0
BRDA:244,4,1,0
BRDA:245,5,0,0
BRDA:245,5,1,0
BRDA:248,6,0,0
BRDA:248,6,1,0
BRDA:251,7,0,0
BRDA:251,7,1,0
BRDA:259,8,0,0
BRDA:259,8,1,0
BRDA:262,9,0,0
BRDA:262,9,1,0
BRDA:275,10,0,0
BRDA:275,10,1,0
BRDA:288,11,0,0
BRDA:288,11,1,0
BRDA:312,12,0,0
BRDA:312,12,1,0
BRDA:312,12,2,0
BRDA:328,13,0,0
BRDA:328,13,1,0
BRDA:331,14,0,0
BRDA:331,14,1,0
BRDA:336,15,0,0
BRDA:336,15,1,0
BRDA:336,15,2,0
BRDA:340,16,0,0
BRDA:340,16,1,0
BRDA:347,17,0,0
BRDA:347,17,1,0
BRDA:350,18,0,0
BRDA:350,18,1,0
BRDA:350,18,2,0
BRDA:354,19,0,0
BRDA:354,19,1,0
BRDA:362,20,0,0
BRDA:362,20,1,0
BRDA:365,21,0,0
BRDA:365,21,1,0
BRDA:369,22,0,0
BRDA:369,22,1,0
BRDA:392,23,0,0
BRDA:392,23,1,0
BRDA:400,24,0,0
BRDA:400,24,1,0
BRDA:405,25,0,0
BRDA:405,25,1,0
BRDA:408,26,0,0
BRDA:408,26,1,0
BRDA:425,27,0,0
BRDA:425,27,1,0
BRDA:430,28,0,0
BRDA:430,28,1,0
BRDA:433,29,0,0
BRDA:433,29,1,0
BRDA:449,30,0,0
BRDA:449,30,1,0
BRDA:450,31,0,0
BRDA:450,31,1,0
BRDA:455,32,0,0
BRDA:455,32,1,0
BRDA:463,33,0,0
BRDA:463,33,1,0
BRDA:479,34,0,0
BRDA:479,34,1,0
BRDA:484,35,0,0
BRDA:484,35,1,0
BRDA:487,36,0,0
BRDA:487,36,1,0
BRDA:503,37,0,0
BRDA:503,37,1,0
BRDA:508,38,0,0
BRDA:508,38,1,0
BRDA:511,39,0,0
BRDA:511,39,1,0
BRDA:527,40,0,0
BRDA:527,40,1,0
BRDA:532,41,0,0
BRDA:532,41,1,0
BRDA:535,42,0,0
BRDA:535,42,1,0
BRDA:550,43,0,0
BRDA:550,43,1,0
BRDA:555,44,0,0
BRDA:555,44,1,0
BRDA:558,45,0,0
BRDA:558,45,1,0
BRDA:573,46,0,0
BRDA:573,46,1,0
BRDA:578,47,0,0
BRDA:578,47,1,0
BRDA:581,48,0,0
BRDA:581,48,1,0
BRF:100
BRH:0
end_of_record
TN:
SF:src\components\projects\ProjectDetails.tsx
FN:92,(anonymous_9)
FN:106,(anonymous_10)
FN:112,(anonymous_11)
FN:186,(anonymous_12)
FN:203,(anonymous_13)
FN:218,(anonymous_14)
FN:403,(anonymous_15)
FN:449,(anonymous_16)
FN:503,(anonymous_17)
FNF:9
FNH:0
FNDA:0,(anonymous_9)
FNDA:0,(anonymous_10)
FNDA:0,(anonymous_11)
FNDA:0,(anonymous_12)
FNDA:0,(anonymous_13)
FNDA:0,(anonymous_14)
FNDA:0,(anonymous_15)
FNDA:0,(anonymous_16)
FNDA:0,(anonymous_17)
DA:1,0
DA:2,0
DA:3,0
DA:5,0
DA:6,0
DA:8,0
DA:15,0
DA:21,0
DA:28,0
DA:29,0
DA:30,0
DA:31,0
DA:92,0
DA:98,0
DA:99,0
DA:100,0
DA:101,0
DA:102,0
DA:103,0
DA:104,0
DA:106,0
DA:107,0
DA:108,0
DA:112,0
DA:113,0
DA:114,0
DA:117,0
DA:137,0
DA:140,0
DA:160,0
DA:163,0
DA:173,0
DA:175,0
DA:176,0
DA:182,0
DA:186,0
DA:187,0
DA:189,0
DA:191,0
DA:193,0
DA:195,0
DA:197,0
DA:199,0
DA:203,0
DA:204,0
DA:206,0
DA:208,0
DA:210,0
DA:212,0
DA:214,0
DA:218,0
DA:219,0
DA:221,0
DA:223,0
DA:225,0
DA:227,0
DA:229,0
DA:231,0
DA:233,0
DA:237,0
DA:404,0
DA:450,0
DA:504,0
DA:530,0
LF:64
LH:0
BRDA:107,0,0,0
BRDA:107,1,0,0
BRDA:107,1,1,0
BRDA:187,2,0,0
BRDA:187,2,1,0
BRDA:187,2,2,0
BRDA:187,2,3,0
BRDA:187,2,4,0
BRDA:187,2,5,0
BRDA:204,3,0,0
BRDA:204,3,1,0
BRDA:204,3,2,0
BRDA:204,3,3,0
BRDA:204,3,4,0
BRDA:219,4,0,0
BRDA:219,4,1,0
BRDA:219,4,2,0
BRDA:219,4,3,0
BRDA:219,4,4,0
BRDA:219,4,5,0
BRDA:219,4,6,0
BRDA:246,5,0,0
BRDA:246,5,1,0
BRDA:255,6,0,0
BRDA:255,6,1,0
BRDA:262,7,0,0
BRDA:262,7,1,0
BRDA:275,8,0,0
BRDA:275,8,1,0
BRDA:282,9,0,0
BRDA:282,9,1,0
BRDA:306,10,0,0
BRDA:306,10,1,0
BRDA:314,11,0,0
BRDA:314,11,1,0
BRDA:337,12,0,0
BRDA:337,12,1,0
BRDA:343,13,0,0
BRDA:343,13,1,0
BRDA:349,14,0,0
BRDA:349,14,1,0
BRDA:366,15,0,0
BRDA:366,15,1,0
BRDA:391,16,0,0
BRDA:391,16,1,0
BRDA:395,17,0,0
BRDA:395,17,1,0
BRDA:437,18,0,0
BRDA:437,18,1,0
BRDA:441,19,0,0
BRDA:441,19,1,0
BRDA:453,20,0,0
BRDA:453,20,1,0
BRDA:459,21,0,0
BRDA:459,21,1,0
BRDA:461,22,0,0
BRDA:461,22,1,0
BRDA:497,23,0,0
BRDA:497,23,1,0
BRDA:501,24,0,0
BRDA:501,24,1,0
BRF:61
BRH:0
end_of_record
TN:
SF:src\components\projects\ProjectForm.tsx
FN:94,(anonymous_9)
FN:109,(anonymous_10)
FN:114,(anonymous_11)
FN:123,(anonymous_12)
FN:128,(anonymous_13)
FN:133,(anonymous_14)
FN:138,(anonymous_15)
FN:167,(anonymous_16)
FN:199,(anonymous_17)
FN:223,(anonymous_18)
FN:281,(anonymous_19)
FN:299,(anonymous_20)
FN:317,(anonymous_21)
FN:330,(anonymous_22)
FN:345,(anonymous_23)
FN:358,(anonymous_24)
FN:373,(anonymous_25)
FN:400,(anonymous_26)
FN:415,(anonymous_27)
FN:442,(anonymous_28)
FN:457,(anonymous_29)
FN:476,(anonymous_30)
FN:489,(anonymous_31)
FN:504,(anonymous_32)
FN:522,(anonymous_33)
FN:540,(anonymous_34)
FN:560,(anonymous_35)
FNF:27
FNH:0
FNDA:0,(anonymous_9)
FNDA:0,(anonymous_10)
FNDA:0,(anonymous_11)
FNDA:0,(anonymous_12)
FNDA:0,(anonymous_13)
FNDA:0,(anonymous_14)
FNDA:0,(anonymous_15)
FNDA:0,(anonymous_16)
FNDA:0,(anonymous_17)
FNDA:0,(anonymous_18)
FNDA:0,(anonymous_19)
FNDA:0,(anonymous_20)
FNDA:0,(anonymous_21)
FNDA:0,(anonymous_22)
FNDA:0,(anonymous_23)
FNDA:0,(anonymous_24)
FNDA:0,(anonymous_25)
FNDA:0,(anonymous_26)
FNDA:0,(anonymous_27)
FNDA:0,(anonymous_28)
FNDA:0,(anonymous_29)
FNDA:0,(anonymous_30)
FNDA:0,(anonymous_31)
FNDA:0,(anonymous_32)
FNDA:0,(anonymous_33)
FNDA:0,(anonymous_34)
FNDA:0,(anonymous_35)
DA:1,0
DA:2,0
DA:3,0
DA:4,0
DA:5,0
DA:6,0
DA:7,0
DA:8,0
DA:10,0
DA:18,0
DA:26,0
DA:33,0
DA:34,0
DA:35,0
DA:36,0
DA:37,0
DA:42,0
DA:43,0
DA:44,0
DA:70,0
DA:79,0
DA:86,0
DA:94,0
DA:100,0
DA:101,0
DA:102,0
DA:103,0
DA:106,0
DA:109,0
DA:114,0
DA:123,0
DA:128,0
DA:133,0
DA:139,0
DA:140,0
DA:142,0
DA:149,0
DA:167,0
DA:168,0
DA:169,0
DA:183,0
DA:199,0
DA:200,0
DA:202,0
DA:203,0
DA:209,0
DA:223,0
DA:225,0
DA:227,0
DA:229,0
DA:235,0
DA:237,0
DA:243,0
DA:244,0
DA:246,0
DA:247,0
DA:255,0
DA:259,0
DA:282,0
DA:300,0
DA:318,0
DA:331,0
DA:346,0
DA:359,0
DA:374,0
DA:401,0
DA:416,0
DA:443,0
DA:458,0
DA:477,0
DA:490,0
DA:505,0
DA:523,0
DA:541,0
DA:560,0
DA:582,0
LF:76
LH:0
BRDA:114,0,0,0
BRDA:114,0,1,0
BRDA:114,0,2,0
BRDA:123,1,0,0
BRDA:123,1,1,0
BRDA:123,1,2,0
BRDA:128,2,0,0
BRDA:128,2,1,0
BRDA:128,2,2,0
BRDA:133,3,0,0
BRDA:133,3,1,0
BRDA:133,3,2,0
BRDA:139,4,0,0
BRDA:139,5,0,0
BRDA:139,5,1,0
BRDA:152,6,0,0
BRDA:152,6,1,0
BRDA:153,7,0,0
BRDA:153,7,1,0
BRDA:154,8,0,0
BRDA:154,8,1,0
BRDA:155,9,0,0
BRDA:155,9,1,0
BRDA:156,10,0,0
BRDA:156,10,1,0
BRDA:157,11,0,0
BRDA:157,11,1,0
BRDA:158,12,0,0
BRDA:158,12,1,0
BRDA:159,13,0,0
BRDA:159,13,1,0
BRDA:160,14,0,0
BRDA:160,14,1,0
BRDA:161,15,0,0
BRDA:161,15,1,0
BRDA:162,16,0,0
BRDA:162,16,1,0
BRDA:168,17,0,0
BRDA:168,17,1,0
BRDA:171,18,0,0
BRDA:171,18,1,0
BRDA:173,19,0,0
BRDA:173,19,1,0
BRDA:174,20,0,0
BRDA:174,20,1,0
BRDA:175,21,0,0
BRDA:175,21,1,0
BRDA:176,22,0,0
BRDA:176,22,1,0
BRDA:177,23,0,0
BRDA:177,23,1,0
BRDA:178,24,0,0
BRDA:178,24,1,0
BRDA:179,25,0,0
BRDA:179,25,1,0
BRDA:180,26,0,0
BRDA:180,26,1,0
BRDA:200,27,0,0
BRDA:210,28,0,0
BRDA:210,28,1,0
BRDA:212,29,0,0
BRDA:212,29,1,0
BRDA:213,30,0,0
BRDA:213,30,1,0
BRDA:216,31,0,0
BRDA:216,31,1,0
BRDA:217,32,0,0
BRDA:217,32,1,0
BRDA:219,33,0,0
BRDA:219,33,1,0
BRDA:225,34,0,0
BRDA:225,34,1,0
BRDA:249,35,0,0
BRDA:249,35,1,0
BRDA:252,36,0,0
BRDA:252,36,1,0
BRDA:264,37,0,0
BRDA:264,37,1,0
BRDA:269,38,0,0
BRDA:269,38,1,0
BRDA:383,39,0,0
BRDA:383,39,1,0
BRDA:386,40,0,0
BRDA:386,40,1,0
BRDA:425,41,0,0
BRDA:425,41,1,0
BRDA:428,42,0,0
BRDA:428,42,1,0
BRDA:481,43,0,0
BRDA:481,43,1,0
BRDA:566,44,0,0
BRDA:566,44,1,0
BRDA:568,45,0,0
BRDA:568,45,1,0
BRF:94
BRH:0
end_of_record
TN:
SF:src\components\projects\ProjectsList.tsx
FN:66,(anonymous_1)
FN:76,(anonymous_2)
FN:93,(anonymous_3)
FN:108,(anonymous_4)
FN:194,(anonymous_5)
FN:220,(anonymous_6)
FN:227,(anonymous_7)
FN:235,(anonymous_8)
FN:309,(anonymous_9)
FNF:9
FNH:0
FNDA:0,(anonymous_1)
FNDA:0,(anonymous_2)
FNDA:0,(anonymous_3)
FNDA:0,(anonymous_4)
FNDA:0,(anonymous_5)
FNDA:0,(anonymous_6)
FNDA:0,(anonymous_7)
FNDA:0,(anonymous_8)
FNDA:0,(anonymous_9)
DA:1,0
DA:2,0
DA:3,0
DA:4,0
DA:6,0
DA:14,0
DA:15,0
DA:16,0
DA:17,0
DA:25,0
DA:66,0
DA:74,0
DA:76,0
DA:77,0
DA:79,0
DA:81,0
DA:83,0
DA:85,0
DA:87,0
DA:89,0
DA:93,0
DA:94,0
DA:96,0
DA:98,0
DA:100,0
DA:102,0
DA:104,0
DA:108,0
DA:109,0
DA:111,0
DA:113,0
DA:115,0
DA:117,0
DA:119,0
DA:121,0
DA:123,0
DA:127,0
DA:137,0
DA:148,0
DA:149,0
DA:159,0
DA:160,0
DA:187,0
DA:195,0
DA:220,0
DA:227,0
DA:235,0
DA:309,0
DA:321,0
LF:49
LH:0
BRDA:77,0,0,0
BRDA:77,0,1,0
BRDA:77,0,2,0
BRDA:77,0,3,0
BRDA:77,0,4,0
BRDA:77,0,5,0
BRDA:94,1,0,0
BRDA:94,1,1,0
BRDA:94,1,2,0
BRDA:94,1,3,0
BRDA:94,1,4,0
BRDA:109,2,0,0
BRDA:109,2,1,0
BRDA:109,2,2,0
BRDA:109,2,3,0
BRDA:109,2,4,0
BRDA:109,2,5,0
BRDA:109,2,6,0
BRDA:148,3,0,0
BRDA:159,4,0,0
BRDA:202,5,0,0
BRDA:202,5,1,0
BRDA:251,6,0,0
BRDA:251,6,1,0
BRDA:258,7,0,0
BRDA:258,7,1,0
BRDA:269,8,0,0
BRDA:269,8,1,0
BRDA:271,9,0,0
BRDA:271,9,1,0
BRDA:275,10,0,0
BRDA:275,10,1,0
BRDA:282,11,0,0
BRDA:282,11,1,0
BRDA:294,12,0,0
BRDA:294,12,1,0
BRF:36
BRH:0
end_of_record
TN:
SF:src\components\reports\ReportForm.tsx
FN:51,(anonymous_9)
FN:93,(anonymous_10)
FN:94,(anonymous_11)
FN:127,(anonymous_12)
FN:151,(anonymous_13)
FN:160,(anonymous_14)
FN:273,(anonymous_15)
FN:291,(anonymous_16)
FN:319,(anonymous_17)
FN:345,(anonymous_18)
FN:359,(anonymous_19)
FN:379,(anonymous_20)
FN:393,(anonymous_21)
FN:411,(anonymous_22)
FN:436,(anonymous_23)
FN:456,(anonymous_24)
FNF:16
FNH:0
FNDA:0,(anonymous_9)
FNDA:0,(anonymous_10)
FNDA:0,(anonymous_11)
FNDA:0,(anonymous_12)
FNDA:0,(anonymous_13)
FNDA:0,(anonymous_14)
FNDA:0,(anonymous_15)
FNDA:0,(anonymous_16)
FNDA:0,(anonymous_17)
FNDA:0,(anonymous_18)
FNDA:0,(anonymous_19)
FNDA:0,(anonymous_20)
FNDA:0,(anonymous_21)
FNDA:0,(anonymous_22)
FNDA:0,(anonymous_23)
FNDA:0,(anonymous_24)
DA:1,0
DA:2,0
DA:3,0
DA:4,0
DA:5,0
DA:6,0
DA:7,0
DA:8,0
DA:17,0
DA:18,0
DA:19,0
DA:20,0
DA:27,0
DA:35,0
DA:37,0
DA:51,0
DA:58,0
DA:59,0
DA:60,0
DA:61,0
DA:64,0
DA:79,0
DA:93,0
DA:94,0
DA:95,0
DA:97,0
DA:102,0
DA:103,0
DA:106,0
DA:111,0
DA:112,0
DA:114,0
DA:115,0
DA:123,0
DA:127,0
DA:128,0
DA:129,0
DA:139,0
DA:151,0
DA:152,0
DA:154,0
DA:155,0
DA:158,0
DA:159,0
DA:160,0
DA:161,0
DA:162,0
DA:167,0
DA:168,0
DA:170,0
DA:175,0
DA:177,0
DA:182,0
DA:183,0
DA:184,0
DA:186,0
DA:187,0
DA:196,0
DA:198,0
DA:211,0
DA:213,0
DA:219,0
DA:229,0
DA:231,0
DA:237,0
DA:238,0
DA:240,0
DA:241,0
DA:249,0
DA:253,0
DA:274,0
DA:292,0
DA:320,0
DA:346,0
DA:360,0
DA:380,0
DA:394,0
DA:412,0
DA:437,0
DA:456,0
DA:480,0
LF:81
LH:0
BRDA:56,0,0,0
BRDA:82,1,0,0
BRDA:82,1,1,0
BRDA:83,2,0,0
BRDA:83,2,1,0
BRDA:84,3,0,0
BRDA:84,3,1,0
BRDA:85,4,0,0
BRDA:85,4,1,0
BRDA:86,5,0,0
BRDA:86,5,1,0
BRDA:102,6,0,0
BRDA:103,7,0,0
BRDA:103,7,1,0
BRDA:111,8,0,0
BRDA:112,9,0,0
BRDA:112,9,1,0
BRDA:128,10,0,0
BRDA:128,10,1,0
BRDA:131,11,0,0
BRDA:131,11,1,0
BRDA:132,12,0,0
BRDA:132,12,1,0
BRDA:152,13,0,0
BRDA:159,14,0,0
BRDA:161,15,0,0
BRDA:167,16,0,0
BRDA:167,17,0,0
BRDA:167,17,1,0
BRDA:175,18,0,0
BRDA:196,19,0,0
BRDA:196,19,1,0
BRDA:203,20,0,0
BRDA:203,20,1,0
BRDA:206,21,0,0
BRDA:206,21,1,0
BRDA:211,22,0,0
BRDA:222,23,0,0
BRDA:222,23,1,0
BRDA:225,24,0,0
BRDA:225,24,1,0
BRDA:229,25,0,0
BRDA:243,26,0,0
BRDA:243,26,1,0
BRDA:258,27,0,0
BRDA:258,27,1,0
BRDA:261,28,0,0
BRDA:261,28,1,0
BRDA:374,29,0,0
BRDA:374,29,1,0
BRDA:462,30,0,0
BRDA:462,30,1,0
BRDA:466,31,0,0
BRDA:466,31,1,0
BRF:54
BRH:0
end_of_record
TN:
SF:src\components\reports\ReportViewer.tsx
FN:40,(anonymous_9)
FN:50,(anonymous_10)
FN:51,(anonymous_11)
FN:76,(anonymous_12)
FN:81,(anonymous_13)
FN:104,(anonymous_14)
FN:117,(anonymous_15)
FN:196,(anonymous_16)
FN:243,(anonymous_17)
FN:254,(anonymous_18)
FN:265,(anonymous_19)
FN:279,(anonymous_20)
FN:289,(anonymous_21)
FNF:13
FNH:0
FNDA:0,(anonymous_9)
FNDA:0,(anonymous_10)
FNDA:0,(anonymous_11)
FNDA:0,(anonymous_12)
FNDA:0,(anonymous_13)
FNDA:0,(anonymous_14)
FNDA:0,(anonymous_15)
FNDA:0,(anonymous_16)
FNDA:0,(anonymous_17)
FNDA:0,(anonymous_18)
FNDA:0,(anonymous_19)
FNDA:0,(anonymous_20)
FNDA:0,(anonymous_21)
DA:1,0
DA:3,0
DA:4,0
DA:12,0
DA:13,0
DA:14,0
DA:15,0
DA:16,0
DA:40,0
DA:45,0
DA:46,0
DA:47,0
DA:50,0
DA:51,0
DA:52,0
DA:53,0
DA:54,0
DA:57,0
DA:58,0
DA:64,0
DA:65,0
DA:67,0
DA:71,0
DA:72,0
DA:76,0
DA:77,0
DA:79,0
DA:81,0
DA:83,0
DA:93,0
DA:94,0
DA:100,0
DA:104,0
DA:105,0
DA:107,0
DA:109,0
DA:111,0
DA:113,0
DA:117,0
DA:118,0
DA:120,0
DA:122,0
DA:124,0
DA:126,0
DA:131,0
DA:132,0
DA:134,0
DA:197,0
DA:243,0
DA:254,0
DA:265,0
DA:279,0
DA:289,0
DA:301,0
LF:54
LH:0
BRDA:52,0,0,0
BRDA:64,1,0,0
BRDA:71,2,0,0
BRDA:71,3,0,0
BRDA:71,3,1,0
BRDA:105,4,0,0
BRDA:105,4,1,0
BRDA:105,4,2,0
BRDA:105,4,3,0
BRDA:118,5,0,0
BRDA:118,5,1,0
BRDA:118,5,2,0
BRDA:118,5,3,0
BRDA:131,6,0,0
BRDA:131,6,1,0
BRDA:132,7,0,0
BRDA:132,7,1,0
BRDA:153,8,0,0
BRDA:153,8,1,0
BRDA:182,9,0,0
BRDA:182,9,1,0
BRDA:192,10,0,0
BRDA:192,10,1,0
BRDA:286,11,0,0
BRDA:286,11,1,0
BRF:25
BRH:0
end_of_record
TN:
SF:src\components\reports\ReportsList.tsx
FN:49,(anonymous_1)
FN:58,(anonymous_2)
FN:71,(anonymous_3)
FN:86,(anonymous_4)
FN:105,(anonymous_5)
FN:127,(anonymous_6)
FN:140,(anonymous_7)
FN:169,(anonymous_8)
FN:176,(anonymous_9)
FN:183,(anonymous_10)
FN:191,(anonymous_11)
FN:225,(anonymous_12)
FNF:12
FNH:0
FNDA:0,(anonymous_1)
FNDA:0,(anonymous_2)
FNDA:0,(anonymous_3)
FNDA:0,(anonymous_4)
FNDA:0,(anonymous_5)
FNDA:0,(anonymous_6)
FNDA:0,(anonymous_7)
FNDA:0,(anonymous_8)
FNDA:0,(anonymous_9)
FNDA:0,(anonymous_10)
FNDA:0,(anonymous_11)
FNDA:0,(anonymous_12)
DA:1,0
DA:2,0
DA:3,0
DA:11,0
DA:12,0
DA:13,0
DA:21,0
DA:49,0
DA:58,0
DA:59,0
DA:61,0
DA:63,0
DA:65,0
DA:67,0
DA:71,0
DA:72,0
DA:74,0
DA:76,0
DA:78,0
DA:80,0
DA:82,0
DA:86,0
DA:87,0
DA:89,0
DA:91,0
DA:93,0
DA:95,0
DA:97,0
DA:101,0
DA:106,0
DA:127,0
DA:141,0
DA:169,0
DA:176,0
DA:183,0
DA:191,0
DA:225,0
DA:240,0
LF:38
LH:0
BRDA:59,0,0,0
BRDA:59,0,1,0
BRDA:59,0,2,0
BRDA:59,0,3,0
BRDA:72,1,0,0
BRDA:72,1,1,0
BRDA:72,1,2,0
BRDA:72,1,3,0
BRDA:72,1,4,0
BRDA:87,2,0,0
BRDA:87,2,1,0
BRDA:87,2,2,0
BRDA:87,2,3,0
BRDA:87,2,4,0
BRDA:103,3,0,0
BRDA:103,3,1,0
BRDA:117,4,0,0
BRDA:117,4,1,0
BRDA:211,5,0,0
BRDA:211,5,1,0
BRF:20
BRH:0
end_of_record
TN:
SF:src\components\resources\ResourceAllocations.tsx
FN:66,(anonymous_9)
FN:76,(anonymous_10)
FN:83,(anonymous_11)
FN:111,(anonymous_12)
FN:124,(anonymous_13)
FN:125,(anonymous_14)
FN:126,(anonymous_15)
FN:138,(anonymous_16)
FN:149,(anonymous_17)
FN:164,(anonymous_18)
FN:169,(anonymous_19)
FN:252,(anonymous_20)
FN:276,(anonymous_21)
FN:296,(anonymous_22)
FN:347,(anonymous_23)
FN:368,(anonymous_24)
FNF:16
FNH:0
FNDA:0,(anonymous_9)
FNDA:0,(anonymous_10)
FNDA:0,(anonymous_11)
FNDA:0,(anonymous_12)
FNDA:0,(anonymous_13)
FNDA:0,(anonymous_14)
FNDA:0,(anonymous_15)
FNDA:0,(anonymous_16)
FNDA:0,(anonymous_17)
FNDA:0,(anonymous_18)
FNDA:0,(anonymous_19)
FNDA:0,(anonymous_20)
FNDA:0,(anonymous_21)
FNDA:0,(anonymous_22)
FNDA:0,(anonymous_23)
FNDA:0,(anonymous_24)
DA:1,0
DA:2,0
DA:3,0
DA:4,0
DA:5,0
DA:6,0
DA:14,0
DA:22,0
DA:30,0
DA:38,0
DA:39,0
DA:40,0
DA:41,0
DA:66,0
DA:71,0
DA:72,0
DA:73,0
DA:74,0
DA:76,0
DA:77,0
DA:78,0
DA:79,0
DA:83,0
DA:84,0
DA:86,0
DA:87,0
DA:88,0
DA:94,0
DA:95,0
DA:98,0
DA:100,0
DA:101,0
DA:107,0
DA:111,0
DA:112,0
DA:113,0
DA:117,0
DA:118,0
DA:121,0
DA:124,0
DA:125,0
DA:126,0
DA:127,0
DA:134,0
DA:138,0
DA:139,0
DA:140,0
DA:145,0
DA:146,0
DA:149,0
DA:150,0
DA:155,0
DA:156,0
DA:164,0
DA:165,0
DA:169,0
DA:170,0
DA:173,0
DA:183,0
DA:192,0
DA:252,0
DA:277,0
DA:297,0
DA:347,0
DA:368,0
DA:383,0
LF:66
LH:0
BRDA:77,0,0,0
BRDA:77,1,0,0
BRDA:77,1,1,0
BRDA:84,2,0,0
BRDA:94,3,0,0
BRDA:98,4,0,0
BRDA:98,4,1,0
BRDA:117,5,0,0
BRDA:121,6,0,0
BRDA:121,6,1,0
BRDA:145,7,0,0
BRDA:165,8,0,0
BRDA:165,8,1,0
BRDA:165,8,2,0
BRDA:165,8,3,0
BRDA:220,9,0,0
BRDA:220,9,1,0
BRDA:221,10,0,0
BRDA:221,10,1,0
BRDA:222,11,0,0
BRDA:222,11,1,0
BRDA:228,12,0,0
BRDA:228,12,1,0
BRDA:234,13,0,0
BRDA:234,13,1,0
BRDA:275,14,0,0
BRDA:275,14,1,0
BRDA:286,15,0,0
BRDA:286,15,1,0
BRDA:289,16,0,0
BRDA:289,16,1,0
BRDA:308,17,0,0
BRDA:308,17,1,0
BRDA:323,18,0,0
BRDA:323,18,1,0
BRDA:326,19,0,0
BRDA:326,19,1,0
BRF:37
BRH:0
end_of_record
TN:
SF:src\components\resources\ResourceForm.tsx
FN:48,(anonymous_9)
FN:86,(anonymous_10)
FN:87,(anonymous_11)
FN:110,(anonymous_12)
FN:122,(anonymous_13)
FN:131,(anonymous_14)
FN:151,(anonymous_15)
FN:184,(anonymous_16)
FN:219,(anonymous_17)
FN:273,(anonymous_18)
FN:291,(anonymous_19)
FN:322,(anonymous_20)
FN:349,(anonymous_21)
FN:371,(anonymous_22)
FN:391,(anonymous_23)
FNF:15
FNH:0
FNDA:0,(anonymous_9)
FNDA:0,(anonymous_10)
FNDA:0,(anonymous_11)
FNDA:0,(anonymous_12)
FNDA:0,(anonymous_13)
FNDA:0,(anonymous_14)
FNDA:0,(anonymous_15)
FNDA:0,(anonymous_16)
FNDA:0,(anonymous_17)
FNDA:0,(anonymous_18)
FNDA:0,(anonymous_19)
[...]
BRDA:210,3,1,0
BRDA:210,3,2,0
BRDA:210,3,3,0
BRDA:223,4,0,0
BRDA:223,4,1,0
BRDA:223,4,2,0
BRDA:223,4,3,0
BRDA:241,5,0,0
BRDA:241,5,1,0
BRDA:249,6,0,0
BRDA:257,7,0,0
BRDA:287,8,0,0
BRDA:287,8,1,0
BRDA:290,9,0,0
BRDA:290,9,1,0
BRDA:310,10,0,0
BRDA:310,10,1,0
BRDA:313,11,0,0
BRDA:313,11,1,0
BRDA:496,12,0,0
BRDA:496,12,1,0
BRDA:565,13,0,0
BRDA:565,13,1,0
BRDA:577,14,0,0
BRDA:577,14,1,0
BRDA:583,15,0,0
BRDA:583,15,1,0
BRDA:763,16,0,0
BRDA:763,16,1,0
BRDA:772,17,0,0
BRDA:772,17,1,0
BRDA:782,18,0,0
BRDA:782,18,1,0
BRF:40
BRH:0
end_of_record
TN:
SF:src\pages\TasksPage.tsx
FN:19,(anonymous_10)
FN:67,(anonymous_11)
FN:88,(anonymous_12)
FN:94,(anonymous_13)
FN:100,(anonymous_14)
FN:106,(anonymous_15)
FNF:6
FNH:0
FNDA:0,(anonymous_10)
FNDA:0,(anonymous_11)
FNDA:0,(anonymous_12)
FNDA:0,(anonymous_13)
FNDA:0,(anonymous_14)
FNDA:0,(anonymous_15)
DA:1,0
DA:2,0
DA:3,0
DA:4,0
DA:5,0
DA:6,0
DA:7,0
DA:8,0
DA:9,0
DA:10,0
DA:11,0
DA:12,0
DA:19,0
DA:20,0
DA:21,0
DA:22,0
DA:23,0
DA:24,0
DA:26,0
DA:27,0
DA:34,0
DA:35,0
DA:38,0
DA:67,0
DA:88,0
DA:94,0
DA:100,0
DA:106,0
DA:130,0
LF:29
LH:0
BRDA:26,0,0,0
BRDA:34,1,0,0
BRDA:74,2,0,0
BRDA:74,2,1,0
BRDA:76,3,0,0
BRDA:76,3,1,0
BRDA:78,4,0,0
BRDA:78,4,1,0
BRDA:80,5,0,0
BRDA:80,5,1,0
BRF:10
BRH:0
end_of_record
TN:
SF:src\pages\TeamsPage.tsx
FN:56,(anonymous_9)
FN:71,(anonymous_10)
FN:77,(anonymous_11)
FN:127,(anonymous_12)
FN:170,(anonymous_13)
FN:179,(anonymous_14)
FN:197,(anonymous_15)
FN:203,(anonymous_16)
FN:240,(anonymous_17)
FN:275,(anonymous_18)
FN:291,(anonymous_19)
FN:304,(anonymous_20)
FN:331,(anonymous_21)
FN:356,(anonymous_22)
FN:363,(anonymous_23)
FN:398,(anonymous_24)
FN:405,(anonymous_25)
FN:420,(anonymous_26)
FN:445,(anonymous_27)
FNF:19
FNH:0
FNDA:0,(anonymous_9)
FNDA:0,(anonymous_10)
FNDA:0,(anonymous_11)
FNDA:0,(anonymous_12)
FNDA:0,(anonymous_13)
FNDA:0,(anonymous_14)
FNDA:0,(anonymous_15)
FNDA:0,(anonymous_16)
FNDA:0,(anonymous_17)
FNDA:0,(anonymous_18)
FNDA:0,(anonymous_19)
FNDA:0,(anonymous_20)
FNDA:0,(anonymous_21)
FNDA:0,(anonymous_22)
FNDA:0,(anonymous_23)
FNDA:0,(anonymous_24)
FNDA:0,(anonymous_25)
FNDA:0,(anonymous_26)
FNDA:0,(anonymous_27)
DA:1,0
DA:2,0
DA:3,0
DA:4,0
DA:5,0
DA:6,0
DA:7,0
DA:15,0
DA:24,0
DA:32,0
DA:33,0
DA:34,0
DA:35,0
DA:45,0
DA:56,0
DA:57,0
DA:58,0
DA:59,0
DA:60,0
DA:61,0
DA:62,0
DA:63,0
DA:64,0
DA:65,0
DA:66,0
DA:71,0
DA:72,0
DA:73,0
DA:77,0
DA:78,0
DA:79,0
DA:82,0
DA:83,0
DA:86,0
DA:87,0
DA:88,0
DA:89,0
DA:90,0
DA:94,0
DA:96,0
DA:101,0
DA:106,0
DA:109,0
DA:110,0
DA:113,0
DA:114,0
DA:116,0
DA:117,0
DA:123,0
DA:127,0
DA:128,0
DA:129,0
DA:137,0
DA:140,0
DA:141,0
DA:147,0
DA:149,0
DA:150,0
DA:151,0
DA:153,0
DA:161,0
DA:162,0
DA:170,0
DA:171,0
DA:172,0
DA:177,0
DA:179,0
DA:180,0
DA:188,0
DA:189,0
DA:197,0
DA:198,0
DA:199,0
DA:202,0
DA:204,0
DA:208,0
DA:209,0
DA:216,0
DA:217,0
DA:220,0
DA:240,0
DA:276,0
DA:292,0
DA:304,0
DA:332,0
DA:356,0
DA:364,0
DA:398,0
DA:406,0
DA:407,0
DA:411,0
DA:420,0
DA:445,0
DA:505,0
LF:94
LH:0
BRDA:72,0,0,0
BRDA:86,1,0,0
BRDA:89,2,0,0
BRDA:106,3,0,0
BRDA:109,4,0,0
BRDA:109,4,1,0
BRDA:128,5,0,0
BRDA:147,6,0,0
BRDA:149,7,0,0
BRDA:149,7,1,0
BRDA:177,8,0,0
BRDA:204,9,0,0
BRDA:204,9,1,0
BRDA:205,10,0,0
BRDA:205,10,1,0
BRDA:208,11,0,0
BRDA:216,12,0,0
BRDA:329,13,0,0
BRDA:329,13,1,0
BRDA:342,14,0,0
BRDA:342,14,1,0
BRDA:346,15,0,0
BRDA:346,15,1,0
BRDA:351,16,0,0
BRDA:351,16,1,0
BRDA:355,17,0,0
BRDA:355,17,1,0
BRDA:409,18,0,0
BRDA:409,18,1,0
BRDA:432,19,0,0
BRDA:432,19,1,0
BRDA:462,20,0,0
BRDA:462,20,1,0
BRF:33
BRH:0
end_of_record
TN:
SF:src\pages\TermsPage.tsx
FN:6,(anonymous_1)
FNF:1
FNH:0
FNDA:0,(anonymous_1)
DA:1,0
DA:2,0
DA:3,0
DA:4,0
DA:6,0
DA:7,0
DA:137,0
LF:7
LH:0
BRF:0
BRH:0
end_of_record
TN:
SF:src\pages\TestDashboardPage.tsx
FN:41,(anonymous_9)
FN:48,(anonymous_10)
FN:52,(anonymous_11)
FN:161,(anonymous_12)
FN:167,(anonymous_13)
FN:176,(anonymous_14)
FN:182,(anonymous_15)
FN:187,(anonymous_16)
FN:189,(anonymous_17)
FN:191,(anonymous_18)
FN:193,(anonymous_19)
FN:448,(anonymous_20)
FN:455,(anonymous_21)
FN:462,(anonymous_22)
FN:469,(anonymous_23)
FN:476,(anonymous_24)
FN:484,(anonymous_25)
FN:572,(anonymous_26)
FNF:18
FNH:0
FNDA:0,(anonymous_9)
FNDA:0,(anonymous_10)
FNDA:0,(anonymous_11)
FNDA:0,(anonymous_12)
FNDA:0,(anonymous_13)
FNDA:0,(anonymous_14)
FNDA:0,(anonymous_15)
FNDA:0,(anonymous_16)
FNDA:0,(anonymous_17)
FNDA:0,(anonymous_18)
FNDA:0,(anonymous_19)
FNDA:0,(anonymous_20)
FNDA:0,(anonymous_21)
FNDA:0,(anonymous_22)
FNDA:0,(anonymous_23)
FNDA:0,(anonymous_24)
FNDA:0,(anonymous_25)
FNDA:0,(anonymous_26)
DA:1,0
DA:2,0
DA:3,0
DA:4,0
DA:5,0
DA:6,0
DA:7,0
DA:8,0
DA:41,0
DA:42,0
DA:43,0
DA:44,0
DA:45,0
DA:48,0
DA:49,0
DA:52,0
DA:53,0
DA:55,0
DA:58,0
DA:153,0
DA:155,0
DA:157,0
DA:161,0
DA:162,0
DA:164,0
DA:167,0
DA:168,0
DA:170,0
DA:172,0
DA:176,0
DA:177,0
DA:178,0
DA:179,0
DA:182,0
DA:183,0
DA:185,0
DA:187,0
DA:189,0
DA:191,0
DA:193,0
DA:195,0
DA:199,0
DA:200,0
DA:210,0
DA:211,0
DA:224,0
DA:448,0
DA:455,0
DA:462,0
DA:469,0
DA:476,0
DA:485,0
DA:573,0
DA:673,0
LF:54
LH:0
BRDA:177,0,0,0
BRDA:178,1,0,0
BRDA:183,2,0,0
BRDA:185,3,0,0
BRDA:185,3,1,0
BRDA:185,3,2,0
BRDA:185,3,3,0
BRDA:185,3,4,0
BRDA:199,4,0,0
BRDA:210,5,0,0
BRDA:235,6,0,0
BRDA:235,6,1,0
BRDA:275,7,0,0
BRDA:275,7,1,0
BRDA:318,8,0,0
BRDA:318,8,1,0
BRDA:319,9,0,0
BRDA:319,9,1,0
BRDA:446,10,0,0
BRDA:446,10,1,0
BRDA:453,11,0,0
BRDA:453,11,1,0
BRDA:460,12,0,0
BRDA:460,12,1,0
BRDA:467,13,0,0
BRDA:467,13,1,0
BRDA:474,14,0,0
BRDA:474,14,1,0
BRDA:498,15,0,0
BRDA:498,15,1,0
BRDA:499,16,0,0
BRDA:499,16,1,0
BRDA:517,17,0,0
BRDA:517,17,1,0
BRDA:524,18,0,0
BRDA:524,18,1,0
BRDA:538,19,0,0
BRDA:538,19,1,0
BRDA:544,20,0,0
BRDA:544,20,1,0
BRDA:550,21,0,0
BRDA:550,21,1,0
BRDA:556,22,0,0
BRDA:556,22,1,0
BRDA:562,23,0,0
BRDA:562,23,1,0
BRDA:568,24,0,0
BRDA:568,24,1,0
BRF:48
BRH:0
end_of_record
TN:
SF:src\pages\TutorialPage.tsx
FN:56,(anonymous_10)
FN:137,(anonymous_11)
FN:139,(anonymous_12)
FNF:3
FNH:0
FNDA:0,(anonymous_10)
FNDA:0,(anonymous_11)
FNDA:0,(anonymous_12)
DA:1,0
DA:2,0
DA:3,0
DA:4,0
DA:5,0
DA:6,0
DA:7,0
DA:8,0
DA:9,0
DA:10,0
DA:11,0
DA:12,0
DA:13,0
DA:56,0
DA:57,0
DA:60,0
DA:61,0
DA:62,0
DA:65,0
DA:98,0
DA:105,0
DA:117,0
DA:126,0
DA:131,0
DA:137,0
DA:138,0
DA:139,0
DA:142,0
DA:1564,0
LF:29
LH:0
BRDA:226,0,0,0
BRDA:226,0,1,0
BRF:2
BRH:0
end_of_record
TN:
SF:src\pages\UploadExcelPage.tsx
FN:28,(anonymous_10)
FN:63,(anonymous_11)
FN:71,(anonymous_12)
FN:82,(anonymous_13)
FN:114,(anonymous_14)
FN:118,(anonymous_15)
FN:119,(anonymous_16)
FN:125,(anonymous_17)
FN:140,(anonymous_18)
FN:145,(anonymous_19)
FN:172,(anonymous_20)
FN:216,(anonymous_21)
FN:268,(anonymous_22)
FN:341,(anonymous_23)
FN:397,(anonymous_24)
FNF:15
FNH:0
FNDA:0,(anonymous_10)
FNDA:0,(anonymous_11)
FNDA:0,(anonymous_12)
FNDA:0,(anonymous_13)
FNDA:0,(anonymous_14)
FNDA:0,(anonymous_15)
FNDA:0,(anonymous_16)
FNDA:0,(anonymous_17)
FNDA:0,(anonymous_18)
FNDA:0,(anonymous_19)
FNDA:0,(anonymous_20)
FNDA:0,(anonymous_21)
FNDA:0,(anonymous_22)
FNDA:0,(anonymous_23)
FNDA:0,(anonymous_24)
DA:1,0
DA:2,0
DA:3,0
DA:4,0
DA:5,0
DA:6,0
DA:7,0
DA:8,0
DA:9,0
DA:10,0
DA:18,0
DA:19,0
DA:26,0
DA:28,0
DA:29,0
DA:30,0
DA:31,0
DA:33,0
DA:34,0
DA:35,0
DA:38,0
DA:39,0
DA:63,0
DA:64,0
DA:65,0
DA:66,0
DA:67,0
DA:71,0
DA:72,0
DA:73,0
DA:78,0
DA:81,0
DA:83,0
DA:84,0
DA:85,0
DA:87,0
DA:99,0
DA:100,0
DA:105,0
DA:109,0
DA:110,0
DA:112,0
DA:114,0
DA:115,0
DA:118,0
DA:119,0
DA:123,0
DA:125,0
DA:126,0
DA:127,0
DA:128,0
DA:130,0
DA:131,0
DA:134,0
DA:135,0
DA:140,0
DA:141,0
DA:142,0
DA:145,0
DA:159,0
DA:167,0
DA:168,0
DA:172,0
DA:173,0
DA:174,0
DA:178,0
DA:180,0
DA:181,0
DA:185,0
DA:186,0
DA:193,0
DA:194,0
DA:197,0
DA:216,0
DA:269,0
DA:342,0
DA:343,0
DA:344,0
DA:398,0
DA:449,0
LF:80
LH:0
BRDA:64,0,0,0
BRDA:64,1,0,0
BRDA:64,1,1,0
BRDA:72,2,0,0
BRDA:91,3,0,0
BRDA:91,3,1,0
BRDA:99,4,0,0
BRDA:135,5,0,0
BRDA:135,5,1,0
BRDA:152,6,0,0
BRDA:152,6,1,0
BRDA:185,7,0,0
BRDA:193,8,0,0
BRDA:281,9,0,0
BRDA:281,9,1,0
BRDA:291,10,0,0
BRDA:291,10,1,0
BRDA:306,11,0,0
BRDA:306,11,1,0
BRDA:313,12,0,0
BRDA:313,12,1,0
BRDA:315,13,0,0
BRDA:315,13,1,0
BRDA:328,14,0,0
BRDA:328,14,1,0
BRDA:346,15,0,0
BRDA:346,15,1,0
BRDA:353,16,0,0
BRDA:353,16,1,0
BRDA:353,16,2,0
BRDA:396,17,0,0
BRDA:396,17,1,0
BRDA:412,18,0,0
BRDA:412,18,1,0
BRDA:414,19,0,0
BRDA:414,19,1,0
BRDA:423,20,0,0
BRDA:423,20,1,0
BRF:38
BRH:0
end_of_record
TN:
SF:src\pages\UsersManagementPage.tsx
FN:3,(anonymous_1)
FNF:1
FNH:0
FNDA:0,(anonymous_1)
DA:1,0
DA:3,0
DA:4,0
DA:12,0
LF:4
LH:0
BRF:0
BRH:0
end_of_record
TN:
SF:src\pages\VerifyEmailPage.tsx
FN:3,(anonymous_1)
FNF:1
FNH:0
FNDA:0,(anonymous_1)
DA:1,0
DA:3,0
DA:4,0
DA:12,0
LF:4
LH:0
BRF:0
BRH:0
end_of_record
TN:
SF:src\scripts\check-db.ts
FN:3,checkDatabase
FNF:1
FNH:0
FNDA:0,checkDatabase
DA:1,0
DA:4,0
DA:7,0
DA:12,0
DA:15,0
DA:20,0
DA:23,0
DA:28,0
DA:31,0
LF:9
LH:0
BRDA:12,0,0,0
BRDA:12,0,1,0
BRDA:20,1,0,0
BRDA:20,1,1,0
BRDA:28,2,0,0
BRDA:28,2,1,0
BRF:6
BRH:0
end_of_record
TN:
SF:src\scripts\test-edge-functions.ts
FN:4,testEdgeFunctions
FNF:1
FNH:0
FNDA:0,testEdgeFunctions
DA:1,0
DA:2,0
DA:5,0
DA:7,0
DA:9,0
DA:10,0
DA:16,0
DA:17,0
DA:18,0
DA:21,0
DA:24,0
DA:25,0
DA:40,0
DA:41,0
DA:42,0
DA:45,0
DA:48,0
DA:49,0
DA:51,0
DA:52,0
DA:54,0
DA:58,0
DA:59,0
DA:61,0
DA:62,0
DA:64,0
DA:68,0
DA:69,0
DA:71,0
DA:72,0
DA:74,0
DA:78,0
DA:79,0
DA:81,0
DA:82,0
DA:84,0
DA:88,0
DA:89,0
DA:94,0
DA:95,0
DA:97,0
DA:100,0
DA:102,0
DA:107,0
LF:44
LH:0
BRDA:16,0,0,0
BRDA:40,1,0,0
BRDA:51,2,0,0
BRDA:51,2,1,0
BRDA:61,3,0,0
BRDA:61,3,1,0
BRDA:71,4,0,0
BRDA:71,4,1,0
BRDA:81,5,0,0
BRDA:81,5,1,0
BRDA:94,6,0,0
BRDA:94,6,1,0
BRF:12
BRH:0
end_of_record
TN:
SF:src\stories\accordion.stories.tsx
FN:19,(anonymous_0)
FNF:1
FNH:0
FNDA:0,(anonymous_0)
DA:2,0
DA:9,0
DA:16,0
DA:18,0
DA:20,0
LF:5
LH:0
BRF:0
BRH:0
end_of_record
TN:
SF:src\stories\alert-dialog.stories.tsx
FN:25,(anonymous_0)
FNF:1
FNH:0
FNDA:0,(anonymous_0)
DA:2,0
DA:13,0
DA:15,0
DA:22,0
DA:24,0
DA:26,0
LF:6
LH:0
BRF:0
BRH:0
end_of_record
TN:
SF:src\stories\alert.stories.tsx
FN:16,(anonymous_0)
FN:31,(anonymous_1)
FNF:2
FNH:0
FNDA:0,(anonymous_0)
FNDA:0,(anonymous_1)
DA:2,0
DA:3,0
DA:5,0
DA:7,0
DA:13,0
DA:15,0
DA:17,0
DA:30,0
DA:32,0
LF:9
LH:0
BRF:0
BRH:0
end_of_record
TN:
SF:src\stories\aspect-ratio.stories.tsx
FN:14,(anonymous_0)
FNF:1
FNH:0
FNDA:0,(anonymous_0)
DA:2,0
DA:4,0
DA:11,0
DA:13,0
DA:15,0
LF:5
LH:0
BRF:0
BRH:0
end_of_record
TN:
SF:src\stories\avatar.stories.tsx
FN:14,(anonymous_0)
FNF:1
FNH:0
FNDA:0,(anonymous_0)
DA:2,0
DA:4,0
DA:11,0
DA:13,0
DA:15,0
LF:5
LH:0
BRF:0
BRH:0
end_of_record
TN:
SF:src\stories\badge.stories.tsx
FN:13,(anonymous_0)
FN:17,(anonymous_1)
FN:23,(anonymous_2)
FN:29,(anonymous_3)
FNF:4
FNH:0
FNDA:0,(anonymous_0)
FNDA:0,(anonymous_1)
FNDA:0,(anonymous_2)
FNDA:0,(anonymous_3)
DA:2,0
DA:4,0
DA:10,0
DA:12,0
DA:13,0
DA:16,0
DA:17,0
DA:22,0
DA:23,0
DA:28,0
DA:29,0
LF:11
LH:0
BRF:0
BRH:0
end_of_record
TN:
SF:src\stories\button.stories.tsx
FN:15,(anonymous_0)
FN:19,(anonymous_1)
FN:25,(anonymous_2)
FN:31,(anonymous_3)
FN:37,(anonymous_4)
FN:43,(anonymous_5)
FN:54,(anonymous_6)
FNF:7
FNH:0
FNDA:0,(anonymous_0)
FNDA:0,(anonymous_1)
FNDA:0,(anonymous_2)
FNDA:0,(anonymous_3)
FNDA:0,(anonymous_4)
FNDA:0,(anonymous_5)
FNDA:0,(anonymous_6)
DA:2,0
DA:4,0
DA:6,0
DA:12,0
DA:14,0
DA:15,0
DA:18,0
DA:19,0
DA:24,0
DA:25,0
DA:30,0
DA:31,0
DA:36,0
DA:37,0
DA:42,0
DA:44,0
DA:53,0
DA:55,0
LF:18
LH:0
BRF:0
BRH:0
end_of_record
TN:
SF:src\stories\calendar.stories.tsx
FN:33,(anonymous_0)
FN:41,(anonymous_1)
FN:65,(anonymous_2)
FN:113,(anonymous_3)
FN:132,(anonymous_4)
FNF:5
FNH:0
FNDA:0,(anonymous_0)
FNDA:0,(anonymous_1)
FNDA:0,(anonymous_2)
FNDA:0,(anonymous_3)
FNDA:0,(anonymous_4)
DA:2,0
DA:3,0
DA:5,0
DA:11,0
DA:19,0
DA:20,0
DA:22,0
DA:24,0
DA:30,0
DA:32,0
DA:33,0
DA:40,0
DA:42,0
DA:64,0
DA:66,0
DA:71,0
DA:112,0
DA:114,0
DA:116,0
DA:133,0
DA:134,0
DA:135,0
LF:22
LH:0
BRDA:81,0,0,0
BRDA:81,0,1,0
BRDA:82,1,0,0
BRDA:82,1,1,0
BRDA:124,2,0,0
BRDA:124,2,1,0
BRF:6
BRH:0
end_of_record
TN:
SF:src\stories\card.stories.tsx
FN:33,(anonymous_0)
FN:77,(anonymous_1)
FNF:2
FNH:0
FNDA:0,(anonymous_0)
FNDA:0,(anonymous_1)
DA:3,0
DA:4,0
DA:5,0
DA:13,0
DA:14,0
DA:15,0
DA:16,0
DA:24,0
DA:30,0
DA:32,0
DA:34,0
DA:76,0
DA:78,0
LF:13
LH:0
BRF:0
BRH:0
end_of_record
TN:
SF:src\stories\carousel.stories.tsx
FN:19,(anonymous_0)
FN:22,(anonymous_1)
FN:42,(anonymous_2)
FN:45,(anonymous_3)
FNF:4
FNH:0
FNDA:0,(anonymous_0)
FNDA:0,(anonymous_1)
FNDA:0,(anonymous_2)
FNDA:0,(anonymous_3)
DA:1,0
DA:2,0
DA:10,0
DA:16,0
DA:18,0
DA:20,0
DA:23,0
DA:41,0
DA:43,0
DA:46,0
LF:10
LH:0
BRF:0
BRH:0
end_of_record
TN:
SF:src\stories\checkbox.stories.tsx
FN:13,(anonymous_0)
FN:32,(anonymous_1)
FNF:2
FNH:0
FNDA:0,(anonymous_0)
FNDA:0,(anonymous_1)
DA:2,0
DA:4,0
DA:10,0
DA:12,0
DA:14,0
DA:31,0
DA:33,0
LF:7
LH:0
BRF:0
BRH:0
end_of_record
TN:
SF:src\stories\collapsible.stories.tsx
FN:20,(anonymous_0)
FN:48,(anonymous_1)
FN:52,(anonymous_2)
FN:80,(anonymous_3)
FNF:4
FNH:0
FNDA:0,(anonymous_0)
FNDA:0,(anonymous_1)
FNDA:0,(anonymous_2)
FNDA:0,(anonymous_3)
DA:2,0
DA:4,0
DA:5,0
DA:11,0
DA:17,0
DA:19,0
DA:21,0
DA:48,0
DA:51,0
DA:53,0
DA:80,0
LF:11
LH:0
BRF:0
BRH:0
end_of_record
TN:
SF:src\stories\command.stories.tsx
FN:31,(anonymous_0)
FNF:1
FNH:0
FNDA:0,(anonymous_0)
DA:2,0
DA:11,0
DA:22,0
DA:28,0
DA:30,0
DA:32,0
LF:6
LH:0
BRF:0
BRH:0
end_of_record
TN:
SF:src\stories\context-menu.stories.tsx
FN:27,(anonymous_0)
FNF:1
FNH:0
FNDA:0,(anonymous_0)
DA:2,0
DA:18,0
DA:24,0
DA:26,0
DA:28,0
LF:5
LH:0
BRF:0
BRH:0
end_of_record
TN:
SF:src\stories\dialog.stories.tsx
FN:24,(anonymous_0)
FNF:1
FNH:0
FNDA:0,(anonymous_0)
DA:2,0
DA:3,0
DA:12,0
DA:13,0
DA:15,0
DA:21,0
DA:23,0
DA:25,0
LF:8
LH:0
BRF:0
BRH:0
end_of_record
TN:
SF:src\stories\drawer.stories.tsx
FN:22,(anonymous_0)
FNF:1
FNH:0
FNDA:0,(anonymous_0)
DA:1,0
DA:2,0
DA:13,0
DA:19,0
DA:21,0
DA:23,0
LF:6
LH:0
BRF:0
BRH:0
end_of_record
TN:
SF:src\stories\dropdown-menu.stories.tsx
FN:44,(anonymous_0)
FNF:1
FNH:0
FNDA:0,(anonymous_0)
DA:2,0
DA:19,0
DA:20,0
DA:35,0
DA:41,0
DA:43,0
DA:45,0
LF:7
LH:0
BRF:0
BRH:0
end_of_record
TN:
SF:src\stories\hover-card.stories.tsx
FN:21,(anonymous_0)
FNF:1
FNH:0
FNDA:0,(anonymous_0)
DA:2,0
DA:4,0
DA:5,0
DA:6,0
DA:12,0
DA:18,0
DA:20,0
DA:22,0
LF:8
LH:0
BRF:0
BRH:0
end_of_record
TN:
SF:src\stories\input.stories.tsx
FN:15,(anonymous_0)
FN:22,(anonymous_1)
FN:26,(anonymous_2)
FN:35,(anonymous_3)
FN:45,(anonymous_4)
FNF:5
FNH:0
FNDA:0,(anonymous_0)
FNDA:0,(anonymous_1)
FNDA:0,(anonymous_2)
FNDA:0,(anonymous_3)
FNDA:0,(anonymous_4)
DA:2,0
DA:3,0
DA:4,0
DA:6,0
DA:12,0
DA:14,0
DA:15,0
DA:21,0
DA:22,0
DA:25,0
DA:27,0
DA:34,0
DA:36,0
DA:44,0
DA:46,0
LF:15
LH:0
BRF:0
BRH:0
end_of_record
TN:
SF:src\stories\label.stories.tsx
FN:13,(anonymous_0)
FNF:1
FNH:0
FNDA:0,(anonymous_0)
DA:2,0
DA:4,0
DA:10,0
DA:12,0
DA:13,0
LF:5
LH:0
BRF:0
BRH:0
end_of_record
TN:
SF:src\stories\menubar.stories.tsx
FN:27,(anonymous_0)
FNF:1
FNH:0
FNDA:0,(anonymous_0)
DA:2,0
DA:18,0
DA:24,0
DA:26,0
DA:28,0
DA:120,0
LF:6
LH:0
BRF:0
BRH:0
end_of_record
TN:
SF:src\stories\navigation-menu.stories.tsx
FN:22,(anonymous_0)
FNF:1
FNH:0
FNDA:0,(anonymous_0)
DA:2,0
DA:11,0
DA:13,0
DA:19,0
DA:21,0
DA:23,0
LF:6
LH:0
BRF:0
BRH:0
end_of_record
TN:
SF:src\stories\pagination.stories.tsx
FN:20,(anonymous_0)
FNF:1
FNH:0
FNDA:0,(anonymous_0)
DA:1,0
DA:11,0
DA:17,0
DA:19,0
DA:21,0
LF:5
LH:0
BRF:0
BRH:0
end_of_record
TN:
SF:src\stories\popover.stories.tsx
FN:22,(anonymous_0)
FNF:1
FNH:0
FNDA:0,(anonymous_0)
DA:2,0
DA:4,0
DA:5,0
DA:6,0
DA:7,0
DA:13,0
DA:19,0
DA:21,0
DA:23,0
LF:9
LH:0
BRF:0
BRH:0
end_of_record
TN:
SF:src\stories\progress.stories.tsx
FN:13,(anonymous_0)
FNF:1
FNH:0
FNDA:0,(anonymous_0)
DA:2,0
DA:4,0
DA:10,0
DA:12,0
DA:13,0
LF:5
LH:0
BRF:0
BRH:0
end_of_record
TN:
SF:src\stories\radio-group.stories.tsx
FN:14,(anonymous_0)
FNF:1
FNH:0
FNDA:0,(anonymous_0)
DA:2,0
DA:3,0
DA:5,0
DA:11,0
DA:13,0
DA:15,0
LF:6
LH:0
BRF:0
BRH:0
end_of_record
TN:
SF:src\stories\resizable.stories.tsx
FN:16,(anonymous_0)
FNF:1
FNH:0
FNDA:0,(anonymous_0)
DA:1,0
DA:7,0
DA:13,0
DA:15,0
DA:17,0
LF:5
LH:0
BRF:0
BRH:0
end_of_record
TN:
SF:src\stories\scroll-area.stories.tsx
FN:16,(anonymous_1)
FN:21,(anonymous_2)
FN:22,(anonymous_3)
FNF:3
FNH:0
FNDA:0,(anonymous_1)
FNDA:0,(anonymous_2)
FNDA:0,(anonymous_3)
DA:2,0
DA:4,0
DA:5,0
DA:7,0
DA:13,0
DA:15,0
DA:17,0
DA:21,0
DA:23,0
LF:9
LH:0
BRF:0
BRH:0
end_of_record
TN:
SF:src\stories\select.stories.tsx
FN:22,(anonymous_0)
FNF:1
FNH:0
FNDA:0,(anonymous_0)
DA:2,0
DA:13,0
DA:19,0
DA:21,0
DA:23,0
LF:5
LH:0
BRF:0
BRH:0
end_of_record
TN:
SF:src\stories\separator.stories.tsx
FN:13,(anonymous_0)
FNF:1
FNH:0
FNDA:0,(anonymous_0)
DA:2,0
DA:4,0
DA:10,0
DA:12,0
DA:14,0
LF:5
LH:0
BRF:0
BRH:0
end_of_record
TN:
SF:src\stories\sheet.stories.tsx
FN:20,(anonymous_0)
FN:42,(anonymous_1)
FN:64,(anonymous_2)
FN:86,(anonymous_3)
FNF:4
FNH:0
FNDA:0,(anonymous_0)
FNDA:0,(anonymous_1)
FNDA:0,(anonymous_2)
FNDA:0,(anonymous_3)
DA:2,0
DA:11,0
DA:17,0
DA:19,0
DA:21,0
DA:41,0
DA:43,0
DA:63,0
DA:65,0
DA:85,0
DA:87,0
LF:11
LH:0
BRF:0
BRH:0
end_of_record
TN:
SF:src\stories\skeleton.stories.tsx
FN:14,(anonymous_0)
FNF:1
FNH:0
FNDA:0,(anonymous_0)
DA:3,0
DA:5,0
DA:11,0
DA:13,0
DA:15,0
LF:5
LH:0
BRF:0
BRH:0
end_of_record
TN:
SF:src\stories\slider.stories.tsx
FNF:0
FNH:0
DA:2,0
DA:4,0
DA:10,0
DA:12,0
LF:4
LH:0
BRF:0
BRH:0
end_of_record
TN:
SF:src\stories\switch.stories.tsx
FN:14,(anonymous_0)
FNF:1
FNH:0
FNDA:0,(anonymous_0)
DA:2,0
DA:3,0
DA:5,0
DA:11,0
DA:13,0
DA:15,0
LF:6
LH:0
BRF:0
BRH:0
end_of_record
TN:
SF:src\stories\table.stories.tsx
FN:21,(anonymous_0)
FNF:1
FNH:0
FNDA:0,(anonymous_0)
DA:2,0
DA:12,0
DA:18,0
DA:20,0
DA:22,0
LF:5
LH:0
BRF:0
BRH:0
end_of_record
TN:
SF:src\stories\tabs.stories.tsx
FN:21,(anonymous_0)
FNF:1
FNH:0
FNDA:0,(anonymous_0)
DA:2,0
DA:3,0
DA:4,0
DA:5,0
DA:12,0
DA:18,0
DA:20,0
DA:22,0
LF:8
LH:0
BRF:0
BRH:0
end_of_record
TN:
SF:src\stories\textarea.stories.tsx
FN:15,(anonymous_0)
FN:22,(anonymous_1)
FN:30,(anonymous_2)
FN:40,(anonymous_3)
FN:53,(anonymous_4)
FNF:5
FNH:0
FNDA:0,(anonymous_0)
FNDA:0,(anonymous_1)
FNDA:0,(anonymous_2)
FNDA:0,(anonymous_3)
FNDA:0,(anonymous_4)
DA:2,0
DA:3,0
DA:4,0
DA:6,0
DA:12,0
DA:14,0
DA:15,0
DA:21,0
DA:22,0
DA:29,0
DA:31,0
DA:39,0
DA:41,0
DA:52,0
DA:54,0
LF:15
LH:0
BRF:0
BRH:0
end_of_record
TN:
SF:src\stories\toggle.stories.tsx
FN:14,(anonymous_0)
FN:23,(anonymous_1)
FN:32,(anonymous_2)
FN:42,(anonymous_3)
FN:51,(anonymous_4)
FN:60,(anonymous_5)
FNF:6
FNH:0
FNDA:0,(anonymous_0)
FNDA:0,(anonymous_1)
FNDA:0,(anonymous_2)
FNDA:0,(anonymous_3)
FNDA:0,(anonymous_4)
FNDA:0,(anonymous_5)
DA:2,0
DA:3,0
DA:5,0
DA:11,0
DA:13,0
DA:15,0
DA:22,0
DA:24,0
DA:31,0
DA:33,0
DA:41,0
DA:43,0
DA:50,0
DA:52,0
DA:59,0
DA:61,0
LF:16
LH:0
BRF:0
BRH:0
end_of_record
TN:
SF:src\stories\tooltip.stories.tsx
FN:21,(anonymous_0)
FNF:1
FNH:0
FNDA:0,(anonymous_0)
DA:2,0
DA:4,0
DA:5,0
DA:12,0
DA:18,0
DA:20,0
DA:22,0
LF:7
LH:0
BRF:0
BRH:0
end_of_record
TN:
SF:src\test-utils\test-template.tsx
FN:15,(anonymous_5)
FN:32,(anonymous_6)
FN:59,(anonymous_7)
FN:85,(anonymous_8)
FN:92,(anonymous_9)
FN:94,(anonymous_10)
FN:95,(anonymous_11)
FN:106,(anonymous_12)
FN:112,(anonymous_13)
FN:119,(anonymous_14)
FN:122,(anonymous_15)
FN:136,(anonymous_16)
FN:140,(anonymous_17)
FN:142,(anonymous_18)
FNF:14
FNH:0
FNDA:0,(anonymous_5)
FNDA:0,(anonymous_6)
FNDA:0,(anonymous_7)
FNDA:0,(anonymous_8)
FNDA:0,(anonymous_9)
FNDA:0,(anonymous_10)
FNDA:0,(anonymous_11)
FNDA:0,(anonymous_12)
FNDA:0,(anonymous_13)
FNDA:0,(anonymous_14)
FNDA:0,(anonymous_15)
FNDA:0,(anonymous_16)
FNDA:0,(anonymous_17)
FNDA:0,(anonymous_18)
DA:6,0
DA:7,0
DA:8,0
DA:9,0
DA:10,0
DA:11,0
DA:12,0
DA:15,0
DA:16,0
DA:32,0
DA:35,0
DA:38,0
DA:41,0
DA:48,0
DA:59,0
DA:76,0
DA:77,0
DA:85,0
DA:92,0
DA:93,0
DA:94,0
DA:95,0
DA:96,0
DA:97,0
DA:98,0
DA:101,0
DA:106,0
DA:107,0
DA:108,0
DA:112,0
DA:113,0
DA:114,0
DA:115,0
DA:119,0
DA:120,0
DA:122,0
DA:136,0
DA:140,0
DA:141,0
DA:142,0
DA:143,0
DA:144,0
DA:145,0
DA:146,0
DA:147,0
DA:148,0
DA:149,0
DA:150,0
DA:153,0
LF:49
LH:0
BRDA:85,0,0,0
BRDA:85,0,1,0
BRDA:93,1,0,0
BRDA:96,2,0,0
BRDA:107,3,0,0
BRDA:107,3,1,0
BRDA:138,4,0,0
BRDA:143,5,0,0
BRDA:143,5,1,0
BRDA:145,6,0,0
BRDA:145,6,1,0
BRDA:147,7,0,0
BRDA:147,7,1,0
BRDA:149,8,0,0
BRDA:149,9,0,0
BRDA:149,9,1,0
BRF:16
BRH:0
end_of_record
